2023-11-16T11:30:29.783+01:00  INFO 45967 --- [main] d.t.m.MySpringShopApplication            : Starting MySpringShopApplication using Java 17.0.8.1 with PID 45967 (/home/etxo/TelRan/my_spring_shop/target/classes started by etxo in /home/etxo/TelRan/my_spring_shop)
2023-11-16T11:30:29.792+01:00  INFO 45967 --- [main] d.t.m.MySpringShopApplication            : No active profile set, falling back to 1 default profile: "default"
2023-11-16T11:30:30.601+01:00  INFO 45967 --- [main] .s.d.r.c.RepositoryConfigurationDelegate : Bootstrapping Spring Data JPA repositories in DEFAULT mode.
2023-11-16T11:30:30.691+01:00  INFO 45967 --- [main] .s.d.r.c.RepositoryConfigurationDelegate : Finished Spring Data repository scanning in 75 ms. Found 4 JPA repository interfaces.
2023-11-16T11:30:31.774+01:00  INFO 45967 --- [main] o.s.b.w.embedded.tomcat.TomcatWebServer  : Tomcat initialized with port(s): 8080 (http)
2023-11-16T11:30:31.784+01:00  INFO 45967 --- [main] o.apache.catalina.core.StandardService   : Starting service [Tomcat]
2023-11-16T11:30:31.784+01:00  INFO 45967 --- [main] o.apache.catalina.core.StandardEngine    : Starting Servlet engine: [Apache Tomcat/10.1.15]
2023-11-16T11:30:31.879+01:00  INFO 45967 --- [main] o.a.c.c.C.[Tomcat].[localhost].[/]       : Initializing Spring embedded WebApplicationContext
2023-11-16T11:30:31.880+01:00  INFO 45967 --- [main] w.s.c.ServletWebServerApplicationContext : Root WebApplicationContext: initialization completed in 2020 ms
2023-11-16T11:30:32.192+01:00  INFO 45967 --- [main] o.hibernate.jpa.internal.util.LogHelper  : HHH000204: Processing PersistenceUnitInfo [name: default]
2023-11-16T11:30:32.256+01:00  INFO 45967 --- [main] org.hibernate.Version                    : HHH000412: Hibernate ORM core version 6.2.13.Final
2023-11-16T11:30:32.259+01:00  INFO 45967 --- [main] org.hibernate.cfg.Environment            : HHH000406: Using bytecode reflection optimizer
2023-11-16T11:30:32.582+01:00  INFO 45967 --- [main] o.s.o.j.p.SpringPersistenceUnitInfo      : No LoadTimeWeaver setup: ignoring JPA class transformer
2023-11-16T11:30:32.613+01:00  INFO 45967 --- [main] com.zaxxer.hikari.HikariDataSource       : HikariPool-1 - Starting...
2023-11-16T11:30:32.988+01:00  INFO 45967 --- [main] com.zaxxer.hikari.pool.HikariPool        : HikariPool-1 - Added connection com.mysql.cj.jdbc.ConnectionImpl@3b0ed98a
2023-11-16T11:30:32.991+01:00  INFO 45967 --- [main] com.zaxxer.hikari.HikariDataSource       : HikariPool-1 - Start completed.
2023-11-16T11:30:34.228+01:00  INFO 45967 --- [main] o.h.e.t.j.p.i.JtaPlatformInitiator       : HHH000489: No JTA platform available (set 'hibernate.transaction.jta.platform' to enable JTA platform integration)
2023-11-16T11:30:34.231+01:00  INFO 45967 --- [main] j.LocalContainerEntityManagerFactoryBean : Initialized JPA EntityManagerFactory for persistence unit 'default'
2023-11-16T11:30:35.148+01:00  INFO 45967 --- [main] o.s.d.j.r.query.QueryEnhancerFactory     : Hibernate is in classpath; If applicable, HQL parser will be used.
2023-11-16T11:30:35.472+01:00  WARN 45967 --- [main] ConfigServletWebServerApplicationContext : Exception encountered during context initialization - cancelling refresh attempt: org.springframework.beans.factory.BeanCreationException: Error creating bean with name 'scheduleExecutor' defined in file [/home/etxo/TelRan/my_spring_shop/target/classes/de/telran/my_spring_shop/schedule/ScheduleExecutor.class]: Encountered invalid @Scheduled method 'showLastAddedArticle': Only no-arg methods may be annotated with @Scheduled
2023-11-16T11:30:35.472+01:00  INFO 45967 --- [main] j.LocalContainerEntityManagerFactoryBean : Closing JPA EntityManagerFactory for persistence unit 'default'
2023-11-16T11:30:35.477+01:00  INFO 45967 --- [main] com.zaxxer.hikari.HikariDataSource       : HikariPool-1 - Shutdown initiated...
2023-11-16T11:30:35.486+01:00  INFO 45967 --- [main] com.zaxxer.hikari.HikariDataSource       : HikariPool-1 - Shutdown completed.
2023-11-16T11:30:35.488+01:00  INFO 45967 --- [main] o.apache.catalina.core.StandardService   : Stopping service [Tomcat]
2023-11-16T11:30:35.502+01:00  INFO 45967 --- [main] .s.b.a.l.ConditionEvaluationReportLogger : 

Error starting ApplicationContext. To display the condition evaluation report re-run your application with 'debug' enabled.
2023-11-16T11:30:35.520+01:00 ERROR 45967 --- [main] o.s.boot.SpringApplication               : Application run failed

org.springframework.beans.factory.BeanCreationException: Error creating bean with name 'scheduleExecutor' defined in file [/home/etxo/TelRan/my_spring_shop/target/classes/de/telran/my_spring_shop/schedule/ScheduleExecutor.class]: Encountered invalid @Scheduled method 'showLastAddedArticle': Only no-arg methods may be annotated with @Scheduled
	at org.springframework.beans.factory.support.AbstractAutowireCapableBeanFactory.doCreateBean(AbstractAutowireCapableBeanFactory.java:605) ~[spring-beans-6.0.13.jar:6.0.13]
	at org.springframework.beans.factory.support.AbstractAutowireCapableBeanFactory.createBean(AbstractAutowireCapableBeanFactory.java:520) ~[spring-beans-6.0.13.jar:6.0.13]
	at org.springframework.beans.factory.support.AbstractBeanFactory.lambda$doGetBean$0(AbstractBeanFactory.java:325) ~[spring-beans-6.0.13.jar:6.0.13]
	at org.springframework.beans.factory.support.DefaultSingletonBeanRegistry.getSingleton(DefaultSingletonBeanRegistry.java:234) ~[spring-beans-6.0.13.jar:6.0.13]
	at org.springframework.beans.factory.support.AbstractBeanFactory.doGetBean(AbstractBeanFactory.java:323) ~[spring-beans-6.0.13.jar:6.0.13]
	at org.springframework.beans.factory.support.AbstractBeanFactory.getBean(AbstractBeanFactory.java:199) ~[spring-beans-6.0.13.jar:6.0.13]
	at org.springframework.beans.factory.support.DefaultListableBeanFactory.preInstantiateSingletons(DefaultListableBeanFactory.java:973) ~[spring-beans-6.0.13.jar:6.0.13]
	at org.springframework.context.support.AbstractApplicationContext.finishBeanFactoryInitialization(AbstractApplicationContext.java:950) ~[spring-context-6.0.13.jar:6.0.13]
	at org.springframework.context.support.AbstractApplicationContext.refresh(AbstractApplicationContext.java:616) ~[spring-context-6.0.13.jar:6.0.13]
	at org.springframework.boot.web.servlet.context.ServletWebServerApplicationContext.refresh(ServletWebServerApplicationContext.java:146) ~[spring-boot-3.1.5.jar:3.1.5]
	at org.springframework.boot.SpringApplication.refresh(SpringApplication.java:738) ~[spring-boot-3.1.5.jar:3.1.5]
	at org.springframework.boot.SpringApplication.refreshContext(SpringApplication.java:440) ~[spring-boot-3.1.5.jar:3.1.5]
	at org.springframework.boot.SpringApplication.run(SpringApplication.java:316) ~[spring-boot-3.1.5.jar:3.1.5]
	at org.springframework.boot.SpringApplication.run(SpringApplication.java:1306) ~[spring-boot-3.1.5.jar:3.1.5]
	at org.springframework.boot.SpringApplication.run(SpringApplication.java:1295) ~[spring-boot-3.1.5.jar:3.1.5]
	at de.telran.my_secured_shop.MySecuredShop.main(MySpringShopApplication.java:10) ~[classes/:na]
Caused by: java.lang.IllegalStateException: Encountered invalid @Scheduled method 'showLastAddedArticle': Only no-arg methods may be annotated with @Scheduled
	at org.springframework.scheduling.annotation.ScheduledAnnotationBeanPostProcessor.processScheduled(ScheduledAnnotationBeanPostProcessor.java:513) ~[spring-context-6.0.13.jar:6.0.13]
	at org.springframework.scheduling.annotation.ScheduledAnnotationBeanPostProcessor.lambda$postProcessAfterInitialization$1(ScheduledAnnotationBeanPostProcessor.java:377) ~[spring-context-6.0.13.jar:6.0.13]
	at java.base/java.lang.Iterable.forEach(Iterable.java:75) ~[na:na]
	at org.springframework.scheduling.annotation.ScheduledAnnotationBeanPostProcessor.lambda$postProcessAfterInitialization$2(ScheduledAnnotationBeanPostProcessor.java:377) ~[spring-context-6.0.13.jar:6.0.13]
	at java.base/java.util.LinkedHashMap.forEach(LinkedHashMap.java:721) ~[na:na]
	at org.springframework.scheduling.annotation.ScheduledAnnotationBeanPostProcessor.postProcessAfterInitialization(ScheduledAnnotationBeanPostProcessor.java:376) ~[spring-context-6.0.13.jar:6.0.13]
	at org.springframework.beans.factory.support.AbstractAutowireCapableBeanFactory.applyBeanPostProcessorsAfterInitialization(AbstractAutowireCapableBeanFactory.java:434) ~[spring-beans-6.0.13.jar:6.0.13]
	at org.springframework.beans.factory.support.AbstractAutowireCapableBeanFactory.initializeBean(AbstractAutowireCapableBeanFactory.java:1773) ~[spring-beans-6.0.13.jar:6.0.13]
	at org.springframework.beans.factory.support.AbstractAutowireCapableBeanFactory.doCreateBean(AbstractAutowireCapableBeanFactory.java:598) ~[spring-beans-6.0.13.jar:6.0.13]
	... 15 common frames omitted

2023-11-16T12:06:42.891+01:00  INFO 52893 --- [main] d.t.m.MySpringShopApplication            : Starting MySpringShopApplication using Java 17.0.8.1 with PID 52893 (/home/etxo/TelRan/my_spring_shop/target/classes started by etxo in /home/etxo/TelRan/my_spring_shop)
2023-11-16T12:06:42.895+01:00  INFO 52893 --- [main] d.t.m.MySpringShopApplication            : No active profile set, falling back to 1 default profile: "default"
2023-11-16T12:06:43.540+01:00  INFO 52893 --- [main] .s.d.r.c.RepositoryConfigurationDelegate : Bootstrapping Spring Data JPA repositories in DEFAULT mode.
2023-11-16T12:06:43.604+01:00  INFO 52893 --- [main] .s.d.r.c.RepositoryConfigurationDelegate : Finished Spring Data repository scanning in 57 ms. Found 4 JPA repository interfaces.
2023-11-16T12:06:44.363+01:00  INFO 52893 --- [main] o.s.b.w.embedded.tomcat.TomcatWebServer  : Tomcat initialized with port(s): 8080 (http)
2023-11-16T12:06:44.371+01:00  INFO 52893 --- [main] o.apache.catalina.core.StandardService   : Starting service [Tomcat]
2023-11-16T12:06:44.371+01:00  INFO 52893 --- [main] o.apache.catalina.core.StandardEngine    : Starting Servlet engine: [Apache Tomcat/10.1.15]
2023-11-16T12:06:44.442+01:00  INFO 52893 --- [main] o.a.c.c.C.[Tomcat].[localhost].[/]       : Initializing Spring embedded WebApplicationContext
2023-11-16T12:06:44.442+01:00  INFO 52893 --- [main] w.s.c.ServletWebServerApplicationContext : Root WebApplicationContext: initialization completed in 1487 ms
2023-11-16T12:06:44.680+01:00  INFO 52893 --- [main] o.hibernate.jpa.internal.util.LogHelper  : HHH000204: Processing PersistenceUnitInfo [name: default]
2023-11-16T12:06:44.726+01:00  INFO 52893 --- [main] org.hibernate.Version                    : HHH000412: Hibernate ORM core version 6.2.13.Final
2023-11-16T12:06:44.728+01:00  INFO 52893 --- [main] org.hibernate.cfg.Environment            : HHH000406: Using bytecode reflection optimizer
2023-11-16T12:06:44.981+01:00  INFO 52893 --- [main] o.s.o.j.p.SpringPersistenceUnitInfo      : No LoadTimeWeaver setup: ignoring JPA class transformer
2023-11-16T12:06:45.007+01:00  INFO 52893 --- [main] com.zaxxer.hikari.HikariDataSource       : HikariPool-1 - Starting...
2023-11-16T12:06:45.264+01:00  INFO 52893 --- [main] com.zaxxer.hikari.pool.HikariPool        : HikariPool-1 - Added connection com.mysql.cj.jdbc.ConnectionImpl@3e39e0fb
2023-11-16T12:06:45.266+01:00  INFO 52893 --- [main] com.zaxxer.hikari.HikariDataSource       : HikariPool-1 - Start completed.
2023-11-16T12:06:46.233+01:00  INFO 52893 --- [main] o.h.e.t.j.p.i.JtaPlatformInitiator       : HHH000489: No JTA platform available (set 'hibernate.transaction.jta.platform' to enable JTA platform integration)
2023-11-16T12:06:46.236+01:00  INFO 52893 --- [main] j.LocalContainerEntityManagerFactoryBean : Initialized JPA EntityManagerFactory for persistence unit 'default'
2023-11-16T12:06:47.000+01:00  INFO 52893 --- [main] o.s.d.j.r.query.QueryEnhancerFactory     : Hibernate is in classpath; If applicable, HQL parser will be used.
2023-11-16T12:06:47.284+01:00  WARN 52893 --- [main] ConfigServletWebServerApplicationContext : Exception encountered during context initialization - cancelling refresh attempt: org.springframework.beans.factory.BeanCreationException: Error creating bean with name 'scheduleExecutor' defined in file [/home/etxo/TelRan/my_spring_shop/target/classes/de/telran/my_spring_shop/schedule/ScheduleExecutor.class]: Encountered invalid @Scheduled method 'showLastAddedArticle': Cron expression must consist of 6 fields (found 7 in "15, 45 * * * * *")
2023-11-16T12:06:47.284+01:00  INFO 52893 --- [main] j.LocalContainerEntityManagerFactoryBean : Closing JPA EntityManagerFactory for persistence unit 'default'
2023-11-16T12:06:47.286+01:00  INFO 52893 --- [main] com.zaxxer.hikari.HikariDataSource       : HikariPool-1 - Shutdown initiated...
2023-11-16T12:06:47.293+01:00  INFO 52893 --- [main] com.zaxxer.hikari.HikariDataSource       : HikariPool-1 - Shutdown completed.
2023-11-16T12:06:47.294+01:00  INFO 52893 --- [main] o.apache.catalina.core.StandardService   : Stopping service [Tomcat]
2023-11-16T12:06:47.305+01:00  INFO 52893 --- [main] .s.b.a.l.ConditionEvaluationReportLogger : 

Error starting ApplicationContext. To display the condition evaluation report re-run your application with 'debug' enabled.
2023-11-16T12:06:47.318+01:00 ERROR 52893 --- [main] o.s.boot.SpringApplication               : Application run failed

org.springframework.beans.factory.BeanCreationException: Error creating bean with name 'scheduleExecutor' defined in file [/home/etxo/TelRan/my_spring_shop/target/classes/de/telran/my_spring_shop/schedule/ScheduleExecutor.class]: Encountered invalid @Scheduled method 'showLastAddedArticle': Cron expression must consist of 6 fields (found 7 in "15, 45 * * * * *")
	at org.springframework.beans.factory.support.AbstractAutowireCapableBeanFactory.doCreateBean(AbstractAutowireCapableBeanFactory.java:605) ~[spring-beans-6.0.13.jar:6.0.13]
	at org.springframework.beans.factory.support.AbstractAutowireCapableBeanFactory.createBean(AbstractAutowireCapableBeanFactory.java:520) ~[spring-beans-6.0.13.jar:6.0.13]
	at org.springframework.beans.factory.support.AbstractBeanFactory.lambda$doGetBean$0(AbstractBeanFactory.java:325) ~[spring-beans-6.0.13.jar:6.0.13]
	at org.springframework.beans.factory.support.DefaultSingletonBeanRegistry.getSingleton(DefaultSingletonBeanRegistry.java:234) ~[spring-beans-6.0.13.jar:6.0.13]
	at org.springframework.beans.factory.support.AbstractBeanFactory.doGetBean(AbstractBeanFactory.java:323) ~[spring-beans-6.0.13.jar:6.0.13]
	at org.springframework.beans.factory.support.AbstractBeanFactory.getBean(AbstractBeanFactory.java:199) ~[spring-beans-6.0.13.jar:6.0.13]
	at org.springframework.beans.factory.support.DefaultListableBeanFactory.preInstantiateSingletons(DefaultListableBeanFactory.java:973) ~[spring-beans-6.0.13.jar:6.0.13]
	at org.springframework.context.support.AbstractApplicationContext.finishBeanFactoryInitialization(AbstractApplicationContext.java:950) ~[spring-context-6.0.13.jar:6.0.13]
	at org.springframework.context.support.AbstractApplicationContext.refresh(AbstractApplicationContext.java:616) ~[spring-context-6.0.13.jar:6.0.13]
	at org.springframework.boot.web.servlet.context.ServletWebServerApplicationContext.refresh(ServletWebServerApplicationContext.java:146) ~[spring-boot-3.1.5.jar:3.1.5]
	at org.springframework.boot.SpringApplication.refresh(SpringApplication.java:738) ~[spring-boot-3.1.5.jar:3.1.5]
	at org.springframework.boot.SpringApplication.refreshContext(SpringApplication.java:440) ~[spring-boot-3.1.5.jar:3.1.5]
	at org.springframework.boot.SpringApplication.run(SpringApplication.java:316) ~[spring-boot-3.1.5.jar:3.1.5]
	at org.springframework.boot.SpringApplication.run(SpringApplication.java:1306) ~[spring-boot-3.1.5.jar:3.1.5]
	at org.springframework.boot.SpringApplication.run(SpringApplication.java:1295) ~[spring-boot-3.1.5.jar:3.1.5]
	at de.telran.my_secured_shop.MySecuredShop.main(MySpringShopApplication.java:10) ~[classes/:na]
Caused by: java.lang.IllegalStateException: Encountered invalid @Scheduled method 'showLastAddedArticle': Cron expression must consist of 6 fields (found 7 in "15, 45 * * * * *")
	at org.springframework.scheduling.annotation.ScheduledAnnotationBeanPostProcessor.processScheduled(ScheduledAnnotationBeanPostProcessor.java:513) ~[spring-context-6.0.13.jar:6.0.13]
	at org.springframework.scheduling.annotation.ScheduledAnnotationBeanPostProcessor.lambda$postProcessAfterInitialization$1(ScheduledAnnotationBeanPostProcessor.java:377) ~[spring-context-6.0.13.jar:6.0.13]
	at java.base/java.lang.Iterable.forEach(Iterable.java:75) ~[na:na]
	at org.springframework.scheduling.annotation.ScheduledAnnotationBeanPostProcessor.lambda$postProcessAfterInitialization$2(ScheduledAnnotationBeanPostProcessor.java:377) ~[spring-context-6.0.13.jar:6.0.13]
	at java.base/java.util.LinkedHashMap.forEach(LinkedHashMap.java:721) ~[na:na]
	at org.springframework.scheduling.annotation.ScheduledAnnotationBeanPostProcessor.postProcessAfterInitialization(ScheduledAnnotationBeanPostProcessor.java:376) ~[spring-context-6.0.13.jar:6.0.13]
	at org.springframework.beans.factory.support.AbstractAutowireCapableBeanFactory.applyBeanPostProcessorsAfterInitialization(AbstractAutowireCapableBeanFactory.java:434) ~[spring-beans-6.0.13.jar:6.0.13]
	at org.springframework.beans.factory.support.AbstractAutowireCapableBeanFactory.initializeBean(AbstractAutowireCapableBeanFactory.java:1773) ~[spring-beans-6.0.13.jar:6.0.13]
	at org.springframework.beans.factory.support.AbstractAutowireCapableBeanFactory.doCreateBean(AbstractAutowireCapableBeanFactory.java:598) ~[spring-beans-6.0.13.jar:6.0.13]
	... 15 common frames omitted

2023-11-16T12:07:37.682+01:00  INFO 53038 --- [main] d.t.m.MySpringShopApplication            : Starting MySpringShopApplication using Java 17.0.8.1 with PID 53038 (/home/etxo/TelRan/my_spring_shop/target/classes started by etxo in /home/etxo/TelRan/my_spring_shop)
2023-11-16T12:07:37.685+01:00  INFO 53038 --- [main] d.t.m.MySpringShopApplication            : No active profile set, falling back to 1 default profile: "default"
2023-11-16T12:07:38.348+01:00  INFO 53038 --- [main] .s.d.r.c.RepositoryConfigurationDelegate : Bootstrapping Spring Data JPA repositories in DEFAULT mode.
2023-11-16T12:07:38.415+01:00  INFO 53038 --- [main] .s.d.r.c.RepositoryConfigurationDelegate : Finished Spring Data repository scanning in 60 ms. Found 4 JPA repository interfaces.
2023-11-16T12:07:39.255+01:00  INFO 53038 --- [main] o.s.b.w.embedded.tomcat.TomcatWebServer  : Tomcat initialized with port(s): 8080 (http)
2023-11-16T12:07:39.264+01:00  INFO 53038 --- [main] o.apache.catalina.core.StandardService   : Starting service [Tomcat]
2023-11-16T12:07:39.264+01:00  INFO 53038 --- [main] o.apache.catalina.core.StandardEngine    : Starting Servlet engine: [Apache Tomcat/10.1.15]
2023-11-16T12:07:39.341+01:00  INFO 53038 --- [main] o.a.c.c.C.[Tomcat].[localhost].[/]       : Initializing Spring embedded WebApplicationContext
2023-11-16T12:07:39.341+01:00  INFO 53038 --- [main] w.s.c.ServletWebServerApplicationContext : Root WebApplicationContext: initialization completed in 1598 ms
2023-11-16T12:07:39.587+01:00  INFO 53038 --- [main] o.hibernate.jpa.internal.util.LogHelper  : HHH000204: Processing PersistenceUnitInfo [name: default]
2023-11-16T12:07:39.634+01:00  INFO 53038 --- [main] org.hibernate.Version                    : HHH000412: Hibernate ORM core version 6.2.13.Final
2023-11-16T12:07:39.636+01:00  INFO 53038 --- [main] org.hibernate.cfg.Environment            : HHH000406: Using bytecode reflection optimizer
2023-11-16T12:07:39.907+01:00  INFO 53038 --- [main] o.s.o.j.p.SpringPersistenceUnitInfo      : No LoadTimeWeaver setup: ignoring JPA class transformer
2023-11-16T12:07:39.939+01:00  INFO 53038 --- [main] com.zaxxer.hikari.HikariDataSource       : HikariPool-1 - Starting...
2023-11-16T12:07:40.233+01:00  INFO 53038 --- [main] com.zaxxer.hikari.pool.HikariPool        : HikariPool-1 - Added connection com.mysql.cj.jdbc.ConnectionImpl@3e39e0fb
2023-11-16T12:07:40.236+01:00  INFO 53038 --- [main] com.zaxxer.hikari.HikariDataSource       : HikariPool-1 - Start completed.
2023-11-16T12:07:41.254+01:00  INFO 53038 --- [main] o.h.e.t.j.p.i.JtaPlatformInitiator       : HHH000489: No JTA platform available (set 'hibernate.transaction.jta.platform' to enable JTA platform integration)
2023-11-16T12:07:41.256+01:00  INFO 53038 --- [main] j.LocalContainerEntityManagerFactoryBean : Initialized JPA EntityManagerFactory for persistence unit 'default'
2023-11-16T12:07:42.081+01:00  INFO 53038 --- [main] o.s.d.j.r.query.QueryEnhancerFactory     : Hibernate is in classpath; If applicable, HQL parser will be used.
2023-11-16T12:07:42.519+01:00  WARN 53038 --- [main] JpaBaseConfiguration$JpaWebConfiguration : spring.jpa.open-in-view is enabled by default. Therefore, database queries may be performed during view rendering. Explicitly configure spring.jpa.open-in-view to disable this warning
2023-11-16T12:07:43.597+01:00  INFO 53038 --- [main] o.s.b.w.embedded.tomcat.TomcatWebServer  : Tomcat started on port(s): 8080 (http) with context path ''
2023-11-16T12:07:43.610+01:00  INFO 53038 --- [main] d.t.m.MySpringShopApplication            : Started MySpringShopApplication in 6.477 seconds (process running for 7.086)
2023-11-16T12:07:43.612+01:00  INFO 53038 --- [scheduling-1] d.t.m.logging.AspectLogging              : Method TaskRepo de.telran.my_secured_shop.services.jpa.TaskService.getRepository() was invoked with parameter [].
2023-11-16T12:07:43.613+01:00  INFO 53038 --- [scheduling-1] d.t.m.logging.AspectLogging              : Method TaskRepo de.telran.my_secured_shop.services.jpa.TaskService.getRepository() of class de.telran.my_secured_shop.services.jpa.TaskService successfully  returned a value.
2023-11-16T12:07:43.613+01:00  INFO 53038 --- [scheduling-1] d.t.m.logging.AspectLogging              : Method TaskRepo de.telran.my_secured_shop.services.jpa.TaskService.getRepository() of class de.telran.my_secured_shop.services.jpa.TaskService has finished its job.
2023-11-16T12:07:43.754+01:00  INFO 53038 --- [scheduling-1] d.t.m.logging.AspectLogging              : Method TaskRepo de.telran.my_secured_shop.services.jpa.TaskService.getRepository() was invoked with parameter [].
2023-11-16T12:07:43.754+01:00  INFO 53038 --- [scheduling-1] d.t.m.logging.AspectLogging              : Method TaskRepo de.telran.my_secured_shop.services.jpa.TaskService.getRepository() of class de.telran.my_secured_shop.services.jpa.TaskService successfully  returned a value.
2023-11-16T12:07:43.754+01:00  INFO 53038 --- [scheduling-1] d.t.m.logging.AspectLogging              : Method TaskRepo de.telran.my_secured_shop.services.jpa.TaskService.getRepository() of class de.telran.my_secured_shop.services.jpa.TaskService has finished its job.
2023-11-16T12:07:43.771+01:00  INFO 53038 --- [scheduling-1] d.t.m.logging.AspectLogging              : Method TaskRepo de.telran.my_secured_shop.services.jpa.TaskService.getRepository() was invoked with parameter [].
2023-11-16T12:07:43.772+01:00  INFO 53038 --- [scheduling-1] d.t.m.logging.AspectLogging              : Method TaskRepo de.telran.my_secured_shop.services.jpa.TaskService.getRepository() of class de.telran.my_secured_shop.services.jpa.TaskService successfully  returned a value.
2023-11-16T12:07:43.772+01:00  INFO 53038 --- [scheduling-1] d.t.m.logging.AspectLogging              : Method TaskRepo de.telran.my_secured_shop.services.jpa.TaskService.getRepository() of class de.telran.my_secured_shop.services.jpa.TaskService has finished its job.
2023-11-16T12:07:43.784+01:00  INFO 53038 --- [scheduling-1] d.t.m.schedule.ScheduleExecutor          : List of products was called
2023-11-16T12:07:43.785+01:00  INFO 53038 --- [scheduling-1] d.t.m.schedule.ScheduleExecutor          : List of products was called
2023-11-16T12:07:43.785+01:00  INFO 53038 --- [scheduling-1] d.t.m.schedule.ScheduleExecutor          : Attempt to delete product with id8
2023-11-16T12:07:43.785+01:00  INFO 53038 --- [scheduling-1] d.t.m.schedule.ScheduleExecutor          : List of products was called
2023-11-16T12:07:43.785+01:00  INFO 53038 --- [scheduling-1] d.t.m.schedule.ScheduleExecutor          : List of products was called
2023-11-16T12:07:45.000+01:00 ERROR 53038 --- [scheduling-1] o.s.s.s.TaskUtils$LoggingErrorHandler    : Unexpected error occurred in scheduled task

java.lang.NullPointerException: Cannot invoke "de.telran.my_secured_shop.domain.entity.Task.getDescription()" because "de.telran.my_secured_shop.services.jpa.JpaProductService.lastTask" is null
	at de.telran.my_secured_shop.schedule.ScheduleExecutor.showLastAddedArticle(ScheduleExecutor.java:150) ~[classes/:na]
	at java.base/jdk.internal.reflect.NativeMethodAccessorImpl.invoke0(Native Method) ~[na:na]
	at java.base/jdk.internal.reflect.NativeMethodAccessorImpl.invoke(NativeMethodAccessorImpl.java:77) ~[na:na]
	at java.base/jdk.internal.reflect.DelegatingMethodAccessorImpl.invoke(DelegatingMethodAccessorImpl.java:43) ~[na:na]
	at java.base/java.lang.reflect.Method.invoke(Method.java:568) ~[na:na]
	at org.springframework.scheduling.support.ScheduledMethodRunnable.run(ScheduledMethodRunnable.java:84) ~[spring-context-6.0.13.jar:6.0.13]
	at org.springframework.scheduling.support.DelegatingErrorHandlingRunnable.run(DelegatingErrorHandlingRunnable.java:54) ~[spring-context-6.0.13.jar:6.0.13]
	at org.springframework.scheduling.concurrent.ReschedulingRunnable.run(ReschedulingRunnable.java:96) ~[spring-context-6.0.13.jar:6.0.13]
	at java.base/java.util.concurrent.Executors$RunnableAdapter.call(Executors.java:539) ~[na:na]
	at java.base/java.util.concurrent.FutureTask.run(FutureTask.java:264) ~[na:na]
	at java.base/java.util.concurrent.ScheduledThreadPoolExecutor$ScheduledFutureTask.run(ScheduledThreadPoolExecutor.java:304) ~[na:na]
	at java.base/java.util.concurrent.ThreadPoolExecutor.runWorker(ThreadPoolExecutor.java:1136) ~[na:na]
	at java.base/java.util.concurrent.ThreadPoolExecutor$Worker.run(ThreadPoolExecutor.java:635) ~[na:na]
	at java.base/java.lang.Thread.run(Thread.java:833) ~[na:na]

2023-11-16T12:08:13.609+01:00  INFO 53038 --- [scheduling-1] d.t.m.logging.AspectLogging              : Method TaskRepo de.telran.my_secured_shop.services.jpa.TaskService.getRepository() was invoked with parameter [].
2023-11-16T12:08:13.610+01:00  INFO 53038 --- [scheduling-1] d.t.m.logging.AspectLogging              : Method TaskRepo de.telran.my_secured_shop.services.jpa.TaskService.getRepository() of class de.telran.my_secured_shop.services.jpa.TaskService successfully  returned a value.
2023-11-16T12:08:13.610+01:00  INFO 53038 --- [scheduling-1] d.t.m.logging.AspectLogging              : Method TaskRepo de.telran.my_secured_shop.services.jpa.TaskService.getRepository() of class de.telran.my_secured_shop.services.jpa.TaskService has finished its job.
2023-11-16T12:08:13.630+01:00  INFO 53038 --- [scheduling-1] d.t.m.logging.AspectLogging              : Method TaskRepo de.telran.my_secured_shop.services.jpa.TaskService.getRepository() was invoked with parameter [].
2023-11-16T12:08:13.631+01:00  INFO 53038 --- [scheduling-1] d.t.m.logging.AspectLogging              : Method TaskRepo de.telran.my_secured_shop.services.jpa.TaskService.getRepository() of class de.telran.my_secured_shop.services.jpa.TaskService successfully  returned a value.
2023-11-16T12:08:13.631+01:00  INFO 53038 --- [scheduling-1] d.t.m.logging.AspectLogging              : Method TaskRepo de.telran.my_secured_shop.services.jpa.TaskService.getRepository() of class de.telran.my_secured_shop.services.jpa.TaskService has finished its job.
2023-11-16T12:08:13.643+01:00  INFO 53038 --- [scheduling-1] d.t.m.logging.AspectLogging              : Method TaskRepo de.telran.my_secured_shop.services.jpa.TaskService.getRepository() was invoked with parameter [].
2023-11-16T12:08:13.643+01:00  INFO 53038 --- [scheduling-1] d.t.m.logging.AspectLogging              : Method TaskRepo de.telran.my_secured_shop.services.jpa.TaskService.getRepository() of class de.telran.my_secured_shop.services.jpa.TaskService successfully  returned a value.
2023-11-16T12:08:13.643+01:00  INFO 53038 --- [scheduling-1] d.t.m.logging.AspectLogging              : Method TaskRepo de.telran.my_secured_shop.services.jpa.TaskService.getRepository() of class de.telran.my_secured_shop.services.jpa.TaskService has finished its job.
2023-11-16T12:08:13.654+01:00  INFO 53038 --- [scheduling-1] d.t.m.schedule.ScheduleExecutor          : List of products was called
2023-11-16T12:08:13.655+01:00  INFO 53038 --- [scheduling-1] d.t.m.schedule.ScheduleExecutor          : List of products was called
2023-11-16T12:08:13.655+01:00  INFO 53038 --- [scheduling-1] d.t.m.schedule.ScheduleExecutor          : Attempt to delete product with id8
2023-11-16T12:08:13.655+01:00  INFO 53038 --- [scheduling-1] d.t.m.schedule.ScheduleExecutor          : List of products was called
2023-11-16T12:08:13.655+01:00  INFO 53038 --- [scheduling-1] d.t.m.schedule.ScheduleExecutor          : List of products was called
2023-11-16T12:08:15.000+01:00 ERROR 53038 --- [scheduling-1] o.s.s.s.TaskUtils$LoggingErrorHandler    : Unexpected error occurred in scheduled task

java.lang.NullPointerException: Cannot invoke "de.telran.my_secured_shop.domain.entity.Task.getDescription()" because "de.telran.my_secured_shop.services.jpa.JpaProductService.lastTask" is null
	at de.telran.my_secured_shop.schedule.ScheduleExecutor.showLastAddedArticle(ScheduleExecutor.java:150) ~[classes/:na]
	at java.base/jdk.internal.reflect.NativeMethodAccessorImpl.invoke0(Native Method) ~[na:na]
	at java.base/jdk.internal.reflect.NativeMethodAccessorImpl.invoke(NativeMethodAccessorImpl.java:77) ~[na:na]
	at java.base/jdk.internal.reflect.DelegatingMethodAccessorImpl.invoke(DelegatingMethodAccessorImpl.java:43) ~[na:na]
	at java.base/java.lang.reflect.Method.invoke(Method.java:568) ~[na:na]
	at org.springframework.scheduling.support.ScheduledMethodRunnable.run(ScheduledMethodRunnable.java:84) ~[spring-context-6.0.13.jar:6.0.13]
	at org.springframework.scheduling.support.DelegatingErrorHandlingRunnable.run(DelegatingErrorHandlingRunnable.java:54) ~[spring-context-6.0.13.jar:6.0.13]
	at org.springframework.scheduling.concurrent.ReschedulingRunnable.run(ReschedulingRunnable.java:96) ~[spring-context-6.0.13.jar:6.0.13]
	at java.base/java.util.concurrent.Executors$RunnableAdapter.call(Executors.java:539) ~[na:na]
	at java.base/java.util.concurrent.FutureTask.run(FutureTask.java:264) ~[na:na]
	at java.base/java.util.concurrent.ScheduledThreadPoolExecutor$ScheduledFutureTask.run(ScheduledThreadPoolExecutor.java:304) ~[na:na]
	at java.base/java.util.concurrent.ThreadPoolExecutor.runWorker(ThreadPoolExecutor.java:1136) ~[na:na]
	at java.base/java.util.concurrent.ThreadPoolExecutor$Worker.run(ThreadPoolExecutor.java:635) ~[na:na]
	at java.base/java.lang.Thread.run(Thread.java:833) ~[na:na]

2023-11-16T12:08:43.609+01:00  INFO 53038 --- [scheduling-1] d.t.m.logging.AspectLogging              : Method TaskRepo de.telran.my_secured_shop.services.jpa.TaskService.getRepository() was invoked with parameter [].
2023-11-16T12:08:43.610+01:00  INFO 53038 --- [scheduling-1] d.t.m.logging.AspectLogging              : Method TaskRepo de.telran.my_secured_shop.services.jpa.TaskService.getRepository() of class de.telran.my_secured_shop.services.jpa.TaskService successfully  returned a value.
2023-11-16T12:08:43.611+01:00  INFO 53038 --- [scheduling-1] d.t.m.logging.AspectLogging              : Method TaskRepo de.telran.my_secured_shop.services.jpa.TaskService.getRepository() of class de.telran.my_secured_shop.services.jpa.TaskService has finished its job.
2023-11-16T12:08:43.632+01:00  INFO 53038 --- [scheduling-1] d.t.m.logging.AspectLogging              : Method TaskRepo de.telran.my_secured_shop.services.jpa.TaskService.getRepository() was invoked with parameter [].
2023-11-16T12:08:43.633+01:00  INFO 53038 --- [scheduling-1] d.t.m.logging.AspectLogging              : Method TaskRepo de.telran.my_secured_shop.services.jpa.TaskService.getRepository() of class de.telran.my_secured_shop.services.jpa.TaskService successfully  returned a value.
2023-11-16T12:08:43.634+01:00  INFO 53038 --- [scheduling-1] d.t.m.logging.AspectLogging              : Method TaskRepo de.telran.my_secured_shop.services.jpa.TaskService.getRepository() of class de.telran.my_secured_shop.services.jpa.TaskService has finished its job.
2023-11-16T12:08:43.645+01:00  INFO 53038 --- [scheduling-1] d.t.m.logging.AspectLogging              : Method TaskRepo de.telran.my_secured_shop.services.jpa.TaskService.getRepository() was invoked with parameter [].
2023-11-16T12:08:43.646+01:00  INFO 53038 --- [scheduling-1] d.t.m.logging.AspectLogging              : Method TaskRepo de.telran.my_secured_shop.services.jpa.TaskService.getRepository() of class de.telran.my_secured_shop.services.jpa.TaskService successfully  returned a value.
2023-11-16T12:08:43.646+01:00  INFO 53038 --- [scheduling-1] d.t.m.logging.AspectLogging              : Method TaskRepo de.telran.my_secured_shop.services.jpa.TaskService.getRepository() of class de.telran.my_secured_shop.services.jpa.TaskService has finished its job.
2023-11-16T12:08:43.658+01:00  INFO 53038 --- [scheduling-1] d.t.m.schedule.ScheduleExecutor          : List of products was called
2023-11-16T12:08:43.659+01:00  INFO 53038 --- [scheduling-1] d.t.m.schedule.ScheduleExecutor          : List of products was called
2023-11-16T12:08:43.659+01:00  INFO 53038 --- [scheduling-1] d.t.m.schedule.ScheduleExecutor          : Attempt to delete product with id8
2023-11-16T12:08:43.659+01:00  INFO 53038 --- [scheduling-1] d.t.m.schedule.ScheduleExecutor          : List of products was called
2023-11-16T12:08:43.659+01:00  INFO 53038 --- [scheduling-1] d.t.m.schedule.ScheduleExecutor          : List of products was called
2023-11-16T12:08:45.000+01:00 ERROR 53038 --- [scheduling-1] o.s.s.s.TaskUtils$LoggingErrorHandler    : Unexpected error occurred in scheduled task

java.lang.NullPointerException: Cannot invoke "de.telran.my_secured_shop.domain.entity.Task.getDescription()" because "de.telran.my_secured_shop.services.jpa.JpaProductService.lastTask" is null
	at de.telran.my_secured_shop.schedule.ScheduleExecutor.showLastAddedArticle(ScheduleExecutor.java:150) ~[classes/:na]
	at java.base/jdk.internal.reflect.NativeMethodAccessorImpl.invoke0(Native Method) ~[na:na]
	at java.base/jdk.internal.reflect.NativeMethodAccessorImpl.invoke(NativeMethodAccessorImpl.java:77) ~[na:na]
	at java.base/jdk.internal.reflect.DelegatingMethodAccessorImpl.invoke(DelegatingMethodAccessorImpl.java:43) ~[na:na]
	at java.base/java.lang.reflect.Method.invoke(Method.java:568) ~[na:na]
	at org.springframework.scheduling.support.ScheduledMethodRunnable.run(ScheduledMethodRunnable.java:84) ~[spring-context-6.0.13.jar:6.0.13]
	at org.springframework.scheduling.support.DelegatingErrorHandlingRunnable.run(DelegatingErrorHandlingRunnable.java:54) ~[spring-context-6.0.13.jar:6.0.13]
	at org.springframework.scheduling.concurrent.ReschedulingRunnable.run(ReschedulingRunnable.java:96) ~[spring-context-6.0.13.jar:6.0.13]
	at java.base/java.util.concurrent.Executors$RunnableAdapter.call(Executors.java:539) ~[na:na]
	at java.base/java.util.concurrent.FutureTask.run(FutureTask.java:264) ~[na:na]
	at java.base/java.util.concurrent.ScheduledThreadPoolExecutor$ScheduledFutureTask.run(ScheduledThreadPoolExecutor.java:304) ~[na:na]
	at java.base/java.util.concurrent.ThreadPoolExecutor.runWorker(ThreadPoolExecutor.java:1136) ~[na:na]
	at java.base/java.util.concurrent.ThreadPoolExecutor$Worker.run(ThreadPoolExecutor.java:635) ~[na:na]
	at java.base/java.lang.Thread.run(Thread.java:833) ~[na:na]

2023-11-16T12:09:13.609+01:00  INFO 53038 --- [scheduling-1] d.t.m.logging.AspectLogging              : Method TaskRepo de.telran.my_secured_shop.services.jpa.TaskService.getRepository() was invoked with parameter [].
2023-11-16T12:09:13.610+01:00  INFO 53038 --- [scheduling-1] d.t.m.logging.AspectLogging              : Method TaskRepo de.telran.my_secured_shop.services.jpa.TaskService.getRepository() of class de.telran.my_secured_shop.services.jpa.TaskService successfully  returned a value.
2023-11-16T12:09:13.610+01:00  INFO 53038 --- [scheduling-1] d.t.m.logging.AspectLogging              : Method TaskRepo de.telran.my_secured_shop.services.jpa.TaskService.getRepository() of class de.telran.my_secured_shop.services.jpa.TaskService has finished its job.
2023-11-16T12:09:13.621+01:00  INFO 53038 --- [scheduling-1] d.t.m.logging.AspectLogging              : Method TaskRepo de.telran.my_secured_shop.services.jpa.TaskService.getRepository() was invoked with parameter [].
2023-11-16T12:09:13.622+01:00  INFO 53038 --- [scheduling-1] d.t.m.logging.AspectLogging              : Method TaskRepo de.telran.my_secured_shop.services.jpa.TaskService.getRepository() of class de.telran.my_secured_shop.services.jpa.TaskService successfully  returned a value.
2023-11-16T12:09:13.622+01:00  INFO 53038 --- [scheduling-1] d.t.m.logging.AspectLogging              : Method TaskRepo de.telran.my_secured_shop.services.jpa.TaskService.getRepository() of class de.telran.my_secured_shop.services.jpa.TaskService has finished its job.
2023-11-16T12:09:13.635+01:00  INFO 53038 --- [scheduling-1] d.t.m.logging.AspectLogging              : Method TaskRepo de.telran.my_secured_shop.services.jpa.TaskService.getRepository() was invoked with parameter [].
2023-11-16T12:09:13.636+01:00  INFO 53038 --- [scheduling-1] d.t.m.logging.AspectLogging              : Method TaskRepo de.telran.my_secured_shop.services.jpa.TaskService.getRepository() of class de.telran.my_secured_shop.services.jpa.TaskService successfully  returned a value.
2023-11-16T12:09:13.636+01:00  INFO 53038 --- [scheduling-1] d.t.m.logging.AspectLogging              : Method TaskRepo de.telran.my_secured_shop.services.jpa.TaskService.getRepository() of class de.telran.my_secured_shop.services.jpa.TaskService has finished its job.
2023-11-16T12:09:13.642+01:00  INFO 53038 --- [scheduling-1] d.t.m.schedule.ScheduleExecutor          : List of products was called
2023-11-16T12:09:13.643+01:00  INFO 53038 --- [scheduling-1] d.t.m.schedule.ScheduleExecutor          : List of products was called
2023-11-16T12:09:13.643+01:00  INFO 53038 --- [scheduling-1] d.t.m.schedule.ScheduleExecutor          : Attempt to delete product with id8
2023-11-16T12:09:13.643+01:00  INFO 53038 --- [scheduling-1] d.t.m.schedule.ScheduleExecutor          : List of products was called
2023-11-16T12:09:13.643+01:00  INFO 53038 --- [scheduling-1] d.t.m.schedule.ScheduleExecutor          : List of products was called
2023-11-16T12:09:15.000+01:00 ERROR 53038 --- [scheduling-1] o.s.s.s.TaskUtils$LoggingErrorHandler    : Unexpected error occurred in scheduled task

java.lang.NullPointerException: Cannot invoke "de.telran.my_secured_shop.domain.entity.Task.getDescription()" because "de.telran.my_secured_shop.services.jpa.JpaProductService.lastTask" is null
	at de.telran.my_secured_shop.schedule.ScheduleExecutor.showLastAddedArticle(ScheduleExecutor.java:150) ~[classes/:na]
	at java.base/jdk.internal.reflect.NativeMethodAccessorImpl.invoke0(Native Method) ~[na:na]
	at java.base/jdk.internal.reflect.NativeMethodAccessorImpl.invoke(NativeMethodAccessorImpl.java:77) ~[na:na]
	at java.base/jdk.internal.reflect.DelegatingMethodAccessorImpl.invoke(DelegatingMethodAccessorImpl.java:43) ~[na:na]
	at java.base/java.lang.reflect.Method.invoke(Method.java:568) ~[na:na]
	at org.springframework.scheduling.support.ScheduledMethodRunnable.run(ScheduledMethodRunnable.java:84) ~[spring-context-6.0.13.jar:6.0.13]
	at org.springframework.scheduling.support.DelegatingErrorHandlingRunnable.run(DelegatingErrorHandlingRunnable.java:54) ~[spring-context-6.0.13.jar:6.0.13]
	at org.springframework.scheduling.concurrent.ReschedulingRunnable.run(ReschedulingRunnable.java:96) ~[spring-context-6.0.13.jar:6.0.13]
	at java.base/java.util.concurrent.Executors$RunnableAdapter.call(Executors.java:539) ~[na:na]
	at java.base/java.util.concurrent.FutureTask.run(FutureTask.java:264) ~[na:na]
	at java.base/java.util.concurrent.ScheduledThreadPoolExecutor$ScheduledFutureTask.run(ScheduledThreadPoolExecutor.java:304) ~[na:na]
	at java.base/java.util.concurrent.ThreadPoolExecutor.runWorker(ThreadPoolExecutor.java:1136) ~[na:na]
	at java.base/java.util.concurrent.ThreadPoolExecutor$Worker.run(ThreadPoolExecutor.java:635) ~[na:na]
	at java.base/java.lang.Thread.run(Thread.java:833) ~[na:na]

2023-11-16T12:09:43.609+01:00  INFO 53038 --- [scheduling-1] d.t.m.logging.AspectLogging              : Method TaskRepo de.telran.my_secured_shop.services.jpa.TaskService.getRepository() was invoked with parameter [].
2023-11-16T12:09:43.609+01:00  INFO 53038 --- [scheduling-1] d.t.m.logging.AspectLogging              : Method TaskRepo de.telran.my_secured_shop.services.jpa.TaskService.getRepository() of class de.telran.my_secured_shop.services.jpa.TaskService successfully  returned a value.
2023-11-16T12:09:43.609+01:00  INFO 53038 --- [scheduling-1] d.t.m.logging.AspectLogging              : Method TaskRepo de.telran.my_secured_shop.services.jpa.TaskService.getRepository() of class de.telran.my_secured_shop.services.jpa.TaskService has finished its job.
2023-11-16T12:09:43.618+01:00  INFO 53038 --- [scheduling-1] d.t.m.logging.AspectLogging              : Method TaskRepo de.telran.my_secured_shop.services.jpa.TaskService.getRepository() was invoked with parameter [].
2023-11-16T12:09:43.618+01:00  INFO 53038 --- [scheduling-1] d.t.m.logging.AspectLogging              : Method TaskRepo de.telran.my_secured_shop.services.jpa.TaskService.getRepository() of class de.telran.my_secured_shop.services.jpa.TaskService successfully  returned a value.
2023-11-16T12:09:43.618+01:00  INFO 53038 --- [scheduling-1] d.t.m.logging.AspectLogging              : Method TaskRepo de.telran.my_secured_shop.services.jpa.TaskService.getRepository() of class de.telran.my_secured_shop.services.jpa.TaskService has finished its job.
2023-11-16T12:09:43.626+01:00  INFO 53038 --- [scheduling-1] d.t.m.logging.AspectLogging              : Method TaskRepo de.telran.my_secured_shop.services.jpa.TaskService.getRepository() was invoked with parameter [].
2023-11-16T12:09:43.626+01:00  INFO 53038 --- [scheduling-1] d.t.m.logging.AspectLogging              : Method TaskRepo de.telran.my_secured_shop.services.jpa.TaskService.getRepository() of class de.telran.my_secured_shop.services.jpa.TaskService successfully  returned a value.
2023-11-16T12:09:43.627+01:00  INFO 53038 --- [scheduling-1] d.t.m.logging.AspectLogging              : Method TaskRepo de.telran.my_secured_shop.services.jpa.TaskService.getRepository() of class de.telran.my_secured_shop.services.jpa.TaskService has finished its job.
2023-11-16T12:09:43.631+01:00  INFO 53038 --- [scheduling-1] d.t.m.schedule.ScheduleExecutor          : List of products was called
2023-11-16T12:09:43.632+01:00  INFO 53038 --- [scheduling-1] d.t.m.schedule.ScheduleExecutor          : List of products was called
2023-11-16T12:09:43.632+01:00  INFO 53038 --- [scheduling-1] d.t.m.schedule.ScheduleExecutor          : Attempt to delete product with id8
2023-11-16T12:09:43.632+01:00  INFO 53038 --- [scheduling-1] d.t.m.schedule.ScheduleExecutor          : List of products was called
2023-11-16T12:09:43.632+01:00  INFO 53038 --- [scheduling-1] d.t.m.schedule.ScheduleExecutor          : List of products was called
2023-11-16T12:09:45.000+01:00 ERROR 53038 --- [scheduling-1] o.s.s.s.TaskUtils$LoggingErrorHandler    : Unexpected error occurred in scheduled task

java.lang.NullPointerException: Cannot invoke "de.telran.my_secured_shop.domain.entity.Task.getDescription()" because "de.telran.my_secured_shop.services.jpa.JpaProductService.lastTask" is null
	at de.telran.my_secured_shop.schedule.ScheduleExecutor.showLastAddedArticle(ScheduleExecutor.java:150) ~[classes/:na]
	at java.base/jdk.internal.reflect.NativeMethodAccessorImpl.invoke0(Native Method) ~[na:na]
	at java.base/jdk.internal.reflect.NativeMethodAccessorImpl.invoke(NativeMethodAccessorImpl.java:77) ~[na:na]
	at java.base/jdk.internal.reflect.DelegatingMethodAccessorImpl.invoke(DelegatingMethodAccessorImpl.java:43) ~[na:na]
	at java.base/java.lang.reflect.Method.invoke(Method.java:568) ~[na:na]
	at org.springframework.scheduling.support.ScheduledMethodRunnable.run(ScheduledMethodRunnable.java:84) ~[spring-context-6.0.13.jar:6.0.13]
	at org.springframework.scheduling.support.DelegatingErrorHandlingRunnable.run(DelegatingErrorHandlingRunnable.java:54) ~[spring-context-6.0.13.jar:6.0.13]
	at org.springframework.scheduling.concurrent.ReschedulingRunnable.run(ReschedulingRunnable.java:96) ~[spring-context-6.0.13.jar:6.0.13]
	at java.base/java.util.concurrent.Executors$RunnableAdapter.call(Executors.java:539) ~[na:na]
	at java.base/java.util.concurrent.FutureTask.run(FutureTask.java:264) ~[na:na]
	at java.base/java.util.concurrent.ScheduledThreadPoolExecutor$ScheduledFutureTask.run(ScheduledThreadPoolExecutor.java:304) ~[na:na]
	at java.base/java.util.concurrent.ThreadPoolExecutor.runWorker(ThreadPoolExecutor.java:1136) ~[na:na]
	at java.base/java.util.concurrent.ThreadPoolExecutor$Worker.run(ThreadPoolExecutor.java:635) ~[na:na]
	at java.base/java.lang.Thread.run(Thread.java:833) ~[na:na]

2023-11-16T12:10:13.609+01:00  INFO 53038 --- [scheduling-1] d.t.m.logging.AspectLogging              : Method TaskRepo de.telran.my_secured_shop.services.jpa.TaskService.getRepository() was invoked with parameter [].
2023-11-16T12:10:13.610+01:00  INFO 53038 --- [scheduling-1] d.t.m.logging.AspectLogging              : Method TaskRepo de.telran.my_secured_shop.services.jpa.TaskService.getRepository() of class de.telran.my_secured_shop.services.jpa.TaskService successfully  returned a value.
2023-11-16T12:10:13.610+01:00  INFO 53038 --- [scheduling-1] d.t.m.logging.AspectLogging              : Method TaskRepo de.telran.my_secured_shop.services.jpa.TaskService.getRepository() of class de.telran.my_secured_shop.services.jpa.TaskService has finished its job.
2023-11-16T12:10:13.617+01:00  INFO 53038 --- [scheduling-1] d.t.m.logging.AspectLogging              : Method TaskRepo de.telran.my_secured_shop.services.jpa.TaskService.getRepository() was invoked with parameter [].
2023-11-16T12:10:13.617+01:00  INFO 53038 --- [scheduling-1] d.t.m.logging.AspectLogging              : Method TaskRepo de.telran.my_secured_shop.services.jpa.TaskService.getRepository() of class de.telran.my_secured_shop.services.jpa.TaskService successfully  returned a value.
2023-11-16T12:10:13.617+01:00  INFO 53038 --- [scheduling-1] d.t.m.logging.AspectLogging              : Method TaskRepo de.telran.my_secured_shop.services.jpa.TaskService.getRepository() of class de.telran.my_secured_shop.services.jpa.TaskService has finished its job.
2023-11-16T12:10:13.623+01:00  INFO 53038 --- [scheduling-1] d.t.m.logging.AspectLogging              : Method TaskRepo de.telran.my_secured_shop.services.jpa.TaskService.getRepository() was invoked with parameter [].
2023-11-16T12:10:13.624+01:00  INFO 53038 --- [scheduling-1] d.t.m.logging.AspectLogging              : Method TaskRepo de.telran.my_secured_shop.services.jpa.TaskService.getRepository() of class de.telran.my_secured_shop.services.jpa.TaskService successfully  returned a value.
2023-11-16T12:10:13.624+01:00  INFO 53038 --- [scheduling-1] d.t.m.logging.AspectLogging              : Method TaskRepo de.telran.my_secured_shop.services.jpa.TaskService.getRepository() of class de.telran.my_secured_shop.services.jpa.TaskService has finished its job.
2023-11-16T12:10:13.632+01:00  INFO 53038 --- [scheduling-1] d.t.m.schedule.ScheduleExecutor          : List of products was called
2023-11-16T12:10:13.632+01:00  INFO 53038 --- [scheduling-1] d.t.m.schedule.ScheduleExecutor          : List of products was called
2023-11-16T12:10:13.633+01:00  INFO 53038 --- [scheduling-1] d.t.m.schedule.ScheduleExecutor          : Attempt to delete product with id8
2023-11-16T12:10:13.633+01:00  INFO 53038 --- [scheduling-1] d.t.m.schedule.ScheduleExecutor          : List of products was called
2023-11-16T12:10:13.633+01:00  INFO 53038 --- [scheduling-1] d.t.m.schedule.ScheduleExecutor          : List of products was called
2023-11-16T12:10:15.000+01:00 ERROR 53038 --- [scheduling-1] o.s.s.s.TaskUtils$LoggingErrorHandler    : Unexpected error occurred in scheduled task

java.lang.NullPointerException: Cannot invoke "de.telran.my_secured_shop.domain.entity.Task.getDescription()" because "de.telran.my_secured_shop.services.jpa.JpaProductService.lastTask" is null
	at de.telran.my_secured_shop.schedule.ScheduleExecutor.showLastAddedArticle(ScheduleExecutor.java:150) ~[classes/:na]
	at java.base/jdk.internal.reflect.NativeMethodAccessorImpl.invoke0(Native Method) ~[na:na]
	at java.base/jdk.internal.reflect.NativeMethodAccessorImpl.invoke(NativeMethodAccessorImpl.java:77) ~[na:na]
	at java.base/jdk.internal.reflect.DelegatingMethodAccessorImpl.invoke(DelegatingMethodAccessorImpl.java:43) ~[na:na]
	at java.base/java.lang.reflect.Method.invoke(Method.java:568) ~[na:na]
	at org.springframework.scheduling.support.ScheduledMethodRunnable.run(ScheduledMethodRunnable.java:84) ~[spring-context-6.0.13.jar:6.0.13]
	at org.springframework.scheduling.support.DelegatingErrorHandlingRunnable.run(DelegatingErrorHandlingRunnable.java:54) ~[spring-context-6.0.13.jar:6.0.13]
	at org.springframework.scheduling.concurrent.ReschedulingRunnable.run(ReschedulingRunnable.java:96) ~[spring-context-6.0.13.jar:6.0.13]
	at java.base/java.util.concurrent.Executors$RunnableAdapter.call(Executors.java:539) ~[na:na]
	at java.base/java.util.concurrent.FutureTask.run(FutureTask.java:264) ~[na:na]
	at java.base/java.util.concurrent.ScheduledThreadPoolExecutor$ScheduledFutureTask.run(ScheduledThreadPoolExecutor.java:304) ~[na:na]
	at java.base/java.util.concurrent.ThreadPoolExecutor.runWorker(ThreadPoolExecutor.java:1136) ~[na:na]
	at java.base/java.util.concurrent.ThreadPoolExecutor$Worker.run(ThreadPoolExecutor.java:635) ~[na:na]
	at java.base/java.lang.Thread.run(Thread.java:833) ~[na:na]

2023-11-16T12:10:37.239+01:00  INFO 53038 --- [http-nio-8080-exec-1] o.a.c.c.C.[Tomcat].[localhost].[/]       : Initializing Spring DispatcherServlet 'dispatcherServlet'
2023-11-16T12:10:37.239+01:00  INFO 53038 --- [http-nio-8080-exec-1] o.s.web.servlet.DispatcherServlet        : Initializing Servlet 'dispatcherServlet'
2023-11-16T12:10:37.241+01:00  INFO 53038 --- [http-nio-8080-exec-1] o.s.web.servlet.DispatcherServlet        : Completed initialization in 2 ms
2023-11-16T12:10:43.609+01:00  INFO 53038 --- [scheduling-1] d.t.m.logging.AspectLogging              : Method TaskRepo de.telran.my_secured_shop.services.jpa.TaskService.getRepository() was invoked with parameter [].
2023-11-16T12:10:43.609+01:00  INFO 53038 --- [scheduling-1] d.t.m.logging.AspectLogging              : Method TaskRepo de.telran.my_secured_shop.services.jpa.TaskService.getRepository() of class de.telran.my_secured_shop.services.jpa.TaskService successfully  returned a value.
2023-11-16T12:10:43.609+01:00  INFO 53038 --- [scheduling-1] d.t.m.logging.AspectLogging              : Method TaskRepo de.telran.my_secured_shop.services.jpa.TaskService.getRepository() of class de.telran.my_secured_shop.services.jpa.TaskService has finished its job.
2023-11-16T12:10:43.615+01:00  INFO 53038 --- [scheduling-1] d.t.m.logging.AspectLogging              : Method TaskRepo de.telran.my_secured_shop.services.jpa.TaskService.getRepository() was invoked with parameter [].
2023-11-16T12:10:43.616+01:00  INFO 53038 --- [scheduling-1] d.t.m.logging.AspectLogging              : Method TaskRepo de.telran.my_secured_shop.services.jpa.TaskService.getRepository() of class de.telran.my_secured_shop.services.jpa.TaskService successfully  returned a value.
2023-11-16T12:10:43.616+01:00  INFO 53038 --- [scheduling-1] d.t.m.logging.AspectLogging              : Method TaskRepo de.telran.my_secured_shop.services.jpa.TaskService.getRepository() of class de.telran.my_secured_shop.services.jpa.TaskService has finished its job.
2023-11-16T12:10:43.621+01:00  INFO 53038 --- [scheduling-1] d.t.m.logging.AspectLogging              : Method TaskRepo de.telran.my_secured_shop.services.jpa.TaskService.getRepository() was invoked with parameter [].
2023-11-16T12:10:43.621+01:00  INFO 53038 --- [scheduling-1] d.t.m.logging.AspectLogging              : Method TaskRepo de.telran.my_secured_shop.services.jpa.TaskService.getRepository() of class de.telran.my_secured_shop.services.jpa.TaskService successfully  returned a value.
2023-11-16T12:10:43.621+01:00  INFO 53038 --- [scheduling-1] d.t.m.logging.AspectLogging              : Method TaskRepo de.telran.my_secured_shop.services.jpa.TaskService.getRepository() of class de.telran.my_secured_shop.services.jpa.TaskService has finished its job.
2023-11-16T12:10:43.626+01:00  INFO 53038 --- [scheduling-1] d.t.m.schedule.ScheduleExecutor          : List of products was called
2023-11-16T12:10:43.626+01:00  INFO 53038 --- [scheduling-1] d.t.m.schedule.ScheduleExecutor          : List of products was called
2023-11-16T12:10:43.626+01:00  INFO 53038 --- [scheduling-1] d.t.m.schedule.ScheduleExecutor          : Attempt to delete product with id8
2023-11-16T12:10:43.627+01:00  INFO 53038 --- [scheduling-1] d.t.m.schedule.ScheduleExecutor          : List of products was called
2023-11-16T12:10:43.627+01:00  INFO 53038 --- [scheduling-1] d.t.m.schedule.ScheduleExecutor          : List of products was called
2023-11-16T12:10:45.000+01:00 ERROR 53038 --- [scheduling-1] o.s.s.s.TaskUtils$LoggingErrorHandler    : Unexpected error occurred in scheduled task

java.lang.NullPointerException: Cannot invoke "de.telran.my_secured_shop.domain.entity.Task.getDescription()" because "de.telran.my_secured_shop.services.jpa.JpaProductService.lastTask" is null
	at de.telran.my_secured_shop.schedule.ScheduleExecutor.showLastAddedArticle(ScheduleExecutor.java:150) ~[classes/:na]
	at java.base/jdk.internal.reflect.NativeMethodAccessorImpl.invoke0(Native Method) ~[na:na]
	at java.base/jdk.internal.reflect.NativeMethodAccessorImpl.invoke(NativeMethodAccessorImpl.java:77) ~[na:na]
	at java.base/jdk.internal.reflect.DelegatingMethodAccessorImpl.invoke(DelegatingMethodAccessorImpl.java:43) ~[na:na]
	at java.base/java.lang.reflect.Method.invoke(Method.java:568) ~[na:na]
	at org.springframework.scheduling.support.ScheduledMethodRunnable.run(ScheduledMethodRunnable.java:84) ~[spring-context-6.0.13.jar:6.0.13]
	at org.springframework.scheduling.support.DelegatingErrorHandlingRunnable.run(DelegatingErrorHandlingRunnable.java:54) ~[spring-context-6.0.13.jar:6.0.13]
	at org.springframework.scheduling.concurrent.ReschedulingRunnable.run(ReschedulingRunnable.java:96) ~[spring-context-6.0.13.jar:6.0.13]
	at java.base/java.util.concurrent.Executors$RunnableAdapter.call(Executors.java:539) ~[na:na]
	at java.base/java.util.concurrent.FutureTask.run(FutureTask.java:264) ~[na:na]
	at java.base/java.util.concurrent.ScheduledThreadPoolExecutor$ScheduledFutureTask.run(ScheduledThreadPoolExecutor.java:304) ~[na:na]
	at java.base/java.util.concurrent.ThreadPoolExecutor.runWorker(ThreadPoolExecutor.java:1136) ~[na:na]
	at java.base/java.util.concurrent.ThreadPoolExecutor$Worker.run(ThreadPoolExecutor.java:635) ~[na:na]
	at java.base/java.lang.Thread.run(Thread.java:833) ~[na:na]

2023-11-16T12:11:07.324+01:00  INFO 53038 --- [http-nio-8080-exec-3] d.t.m.logging.AspectLogging              : Method void de.telran.my_secured_shop.services.jpa.JpaProductService.add(Product) was invoked with parameters [de.telran.my_secured_shop.domain.entity.common.CommonProduct@21f851a7]
2023-11-16T12:11:07.324+01:00  INFO 53038 --- [http-nio-8080-exec-3] d.t.m.logging.AspectLogging              : Method void de.telran.my_secured_shop.services.jpa.JpaProductService.add(Product) was invoked with parameter [de.telran.my_secured_shop.domain.entity.common.CommonProduct@21f851a7].
2023-11-16T12:11:07.429+01:00  INFO 53038 --- [http-nio-8080-exec-3] d.t.m.logging.AspectLogging              : Method Task de.telran.my_secured_shop.services.jpa.TaskService.createTask(String) was invoked with parameter [Product banana was added.].
2023-11-16T12:11:07.449+01:00  INFO 53038 --- [http-nio-8080-exec-3] d.t.m.logging.AspectLogging              : Method Task de.telran.my_secured_shop.services.jpa.TaskService.createTask(String) of class de.telran.my_secured_shop.services.jpa.TaskService successfully  returned a value.
2023-11-16T12:11:07.449+01:00  INFO 53038 --- [http-nio-8080-exec-3] d.t.m.logging.AspectLogging              : Method Task de.telran.my_secured_shop.services.jpa.TaskService.createTask(String) of class de.telran.my_secured_shop.services.jpa.TaskService has finished its job.
2023-11-16T12:11:07.449+01:00  INFO 53038 --- [http-nio-8080-exec-3] d.t.m.logging.AspectLogging              : Method void de.telran.my_secured_shop.services.jpa.JpaProductService.add(Product) of class de.telran.my_secured_shop.services.jpa.JpaProductService successfully  returned a value.
2023-11-16T12:11:07.449+01:00  INFO 53038 --- [http-nio-8080-exec-3] d.t.m.logging.AspectLogging              : Method void de.telran.my_secured_shop.services.jpa.JpaProductService.add(Product) of class de.telran.my_secured_shop.services.jpa.JpaProductService has finished its job.
2023-11-16T12:11:07.449+01:00  INFO 53038 --- [http-nio-8080-exec-3] d.t.m.logging.AspectLogging              : Method void de.telran.my_secured_shop.services.jpa.JpaProductService.add(Product) has finished
2023-11-16T12:11:13.609+01:00  INFO 53038 --- [scheduling-1] d.t.m.logging.AspectLogging              : Method TaskRepo de.telran.my_secured_shop.services.jpa.TaskService.getRepository() was invoked with parameter [].
2023-11-16T12:11:13.609+01:00  INFO 53038 --- [scheduling-1] d.t.m.logging.AspectLogging              : Method TaskRepo de.telran.my_secured_shop.services.jpa.TaskService.getRepository() of class de.telran.my_secured_shop.services.jpa.TaskService successfully  returned a value.
2023-11-16T12:11:13.609+01:00  INFO 53038 --- [scheduling-1] d.t.m.logging.AspectLogging              : Method TaskRepo de.telran.my_secured_shop.services.jpa.TaskService.getRepository() of class de.telran.my_secured_shop.services.jpa.TaskService has finished its job.
2023-11-16T12:11:13.618+01:00  INFO 53038 --- [scheduling-1] d.t.m.logging.AspectLogging              : Method TaskRepo de.telran.my_secured_shop.services.jpa.TaskService.getRepository() was invoked with parameter [].
2023-11-16T12:11:13.618+01:00  INFO 53038 --- [scheduling-1] d.t.m.logging.AspectLogging              : Method TaskRepo de.telran.my_secured_shop.services.jpa.TaskService.getRepository() of class de.telran.my_secured_shop.services.jpa.TaskService successfully  returned a value.
2023-11-16T12:11:13.618+01:00  INFO 53038 --- [scheduling-1] d.t.m.logging.AspectLogging              : Method TaskRepo de.telran.my_secured_shop.services.jpa.TaskService.getRepository() of class de.telran.my_secured_shop.services.jpa.TaskService has finished its job.
2023-11-16T12:11:13.626+01:00  INFO 53038 --- [scheduling-1] d.t.m.logging.AspectLogging              : Method TaskRepo de.telran.my_secured_shop.services.jpa.TaskService.getRepository() was invoked with parameter [].
2023-11-16T12:11:13.626+01:00  INFO 53038 --- [scheduling-1] d.t.m.logging.AspectLogging              : Method TaskRepo de.telran.my_secured_shop.services.jpa.TaskService.getRepository() of class de.telran.my_secured_shop.services.jpa.TaskService successfully  returned a value.
2023-11-16T12:11:13.626+01:00  INFO 53038 --- [scheduling-1] d.t.m.logging.AspectLogging              : Method TaskRepo de.telran.my_secured_shop.services.jpa.TaskService.getRepository() of class de.telran.my_secured_shop.services.jpa.TaskService has finished its job.
2023-11-16T12:11:13.633+01:00  INFO 53038 --- [scheduling-1] d.t.m.schedule.ScheduleExecutor          : List of products was called
2023-11-16T12:11:13.633+01:00  INFO 53038 --- [scheduling-1] d.t.m.schedule.ScheduleExecutor          : Attempt to delete product with id8
2023-11-16T12:11:13.633+01:00  INFO 53038 --- [scheduling-1] d.t.m.schedule.ScheduleExecutor          : List of products was called
2023-11-16T12:11:13.633+01:00  INFO 53038 --- [scheduling-1] d.t.m.schedule.ScheduleExecutor          : List of products was called
2023-11-16T12:11:13.633+01:00  INFO 53038 --- [scheduling-1] d.t.m.schedule.ScheduleExecutor          : List of products was called
2023-11-16T12:11:15.000+01:00  INFO 53038 --- [scheduling-1] d.t.m.schedule.ScheduleExecutor          : Product banana was added.
2023-11-16T12:11:43.609+01:00  INFO 53038 --- [scheduling-1] d.t.m.logging.AspectLogging              : Method TaskRepo de.telran.my_secured_shop.services.jpa.TaskService.getRepository() was invoked with parameter [].
2023-11-16T12:11:43.609+01:00  INFO 53038 --- [scheduling-1] d.t.m.logging.AspectLogging              : Method TaskRepo de.telran.my_secured_shop.services.jpa.TaskService.getRepository() of class de.telran.my_secured_shop.services.jpa.TaskService successfully  returned a value.
2023-11-16T12:11:43.609+01:00  INFO 53038 --- [scheduling-1] d.t.m.logging.AspectLogging              : Method TaskRepo de.telran.my_secured_shop.services.jpa.TaskService.getRepository() of class de.telran.my_secured_shop.services.jpa.TaskService has finished its job.
2023-11-16T12:11:43.614+01:00  INFO 53038 --- [scheduling-1] d.t.m.logging.AspectLogging              : Method TaskRepo de.telran.my_secured_shop.services.jpa.TaskService.getRepository() was invoked with parameter [].
2023-11-16T12:11:43.614+01:00  INFO 53038 --- [scheduling-1] d.t.m.logging.AspectLogging              : Method TaskRepo de.telran.my_secured_shop.services.jpa.TaskService.getRepository() of class de.telran.my_secured_shop.services.jpa.TaskService successfully  returned a value.
2023-11-16T12:11:43.614+01:00  INFO 53038 --- [scheduling-1] d.t.m.logging.AspectLogging              : Method TaskRepo de.telran.my_secured_shop.services.jpa.TaskService.getRepository() of class de.telran.my_secured_shop.services.jpa.TaskService has finished its job.
2023-11-16T12:11:43.619+01:00  INFO 53038 --- [scheduling-1] d.t.m.logging.AspectLogging              : Method TaskRepo de.telran.my_secured_shop.services.jpa.TaskService.getRepository() was invoked with parameter [].
2023-11-16T12:11:43.619+01:00  INFO 53038 --- [scheduling-1] d.t.m.logging.AspectLogging              : Method TaskRepo de.telran.my_secured_shop.services.jpa.TaskService.getRepository() of class de.telran.my_secured_shop.services.jpa.TaskService successfully  returned a value.
2023-11-16T12:11:43.619+01:00  INFO 53038 --- [scheduling-1] d.t.m.logging.AspectLogging              : Method TaskRepo de.telran.my_secured_shop.services.jpa.TaskService.getRepository() of class de.telran.my_secured_shop.services.jpa.TaskService has finished its job.
2023-11-16T12:11:43.625+01:00  INFO 53038 --- [scheduling-1] d.t.m.schedule.ScheduleExecutor          : List of products was called
2023-11-16T12:11:43.625+01:00  INFO 53038 --- [scheduling-1] d.t.m.schedule.ScheduleExecutor          : Attempt to delete product with id8
2023-11-16T12:11:43.625+01:00  INFO 53038 --- [scheduling-1] d.t.m.schedule.ScheduleExecutor          : List of products was called
2023-11-16T12:11:43.625+01:00  INFO 53038 --- [scheduling-1] d.t.m.schedule.ScheduleExecutor          : List of products was called
2023-11-16T12:11:43.625+01:00  INFO 53038 --- [scheduling-1] d.t.m.schedule.ScheduleExecutor          : List of products was called
2023-11-16T12:11:45.000+01:00  INFO 53038 --- [scheduling-1] d.t.m.schedule.ScheduleExecutor          : Product banana was added.
2023-11-16T12:12:13.609+01:00  INFO 53038 --- [scheduling-1] d.t.m.logging.AspectLogging              : Method TaskRepo de.telran.my_secured_shop.services.jpa.TaskService.getRepository() was invoked with parameter [].
2023-11-16T12:12:13.610+01:00  INFO 53038 --- [scheduling-1] d.t.m.logging.AspectLogging              : Method TaskRepo de.telran.my_secured_shop.services.jpa.TaskService.getRepository() of class de.telran.my_secured_shop.services.jpa.TaskService successfully  returned a value.
2023-11-16T12:12:13.611+01:00  INFO 53038 --- [scheduling-1] d.t.m.logging.AspectLogging              : Method TaskRepo de.telran.my_secured_shop.services.jpa.TaskService.getRepository() of class de.telran.my_secured_shop.services.jpa.TaskService has finished its job.
2023-11-16T12:12:13.627+01:00  INFO 53038 --- [scheduling-1] d.t.m.logging.AspectLogging              : Method TaskRepo de.telran.my_secured_shop.services.jpa.TaskService.getRepository() was invoked with parameter [].
2023-11-16T12:12:13.627+01:00  INFO 53038 --- [scheduling-1] d.t.m.logging.AspectLogging              : Method TaskRepo de.telran.my_secured_shop.services.jpa.TaskService.getRepository() of class de.telran.my_secured_shop.services.jpa.TaskService successfully  returned a value.
2023-11-16T12:12:13.628+01:00  INFO 53038 --- [scheduling-1] d.t.m.logging.AspectLogging              : Method TaskRepo de.telran.my_secured_shop.services.jpa.TaskService.getRepository() of class de.telran.my_secured_shop.services.jpa.TaskService has finished its job.
2023-11-16T12:12:13.638+01:00  INFO 53038 --- [scheduling-1] d.t.m.logging.AspectLogging              : Method TaskRepo de.telran.my_secured_shop.services.jpa.TaskService.getRepository() was invoked with parameter [].
2023-11-16T12:12:13.638+01:00  INFO 53038 --- [scheduling-1] d.t.m.logging.AspectLogging              : Method TaskRepo de.telran.my_secured_shop.services.jpa.TaskService.getRepository() of class de.telran.my_secured_shop.services.jpa.TaskService successfully  returned a value.
2023-11-16T12:12:13.638+01:00  INFO 53038 --- [scheduling-1] d.t.m.logging.AspectLogging              : Method TaskRepo de.telran.my_secured_shop.services.jpa.TaskService.getRepository() of class de.telran.my_secured_shop.services.jpa.TaskService has finished its job.
2023-11-16T12:12:13.643+01:00  INFO 53038 --- [scheduling-1] d.t.m.schedule.ScheduleExecutor          : List of products was called
2023-11-16T12:12:13.644+01:00  INFO 53038 --- [scheduling-1] d.t.m.schedule.ScheduleExecutor          : Attempt to delete product with id8
2023-11-16T12:12:13.644+01:00  INFO 53038 --- [scheduling-1] d.t.m.schedule.ScheduleExecutor          : List of products was called
2023-11-16T12:12:13.644+01:00  INFO 53038 --- [scheduling-1] d.t.m.schedule.ScheduleExecutor          : List of products was called
2023-11-16T12:12:13.644+01:00  INFO 53038 --- [scheduling-1] d.t.m.schedule.ScheduleExecutor          : List of products was called
2023-11-16T12:12:15.000+01:00  INFO 53038 --- [scheduling-1] d.t.m.schedule.ScheduleExecutor          : Product banana was added.
2023-11-16T12:12:43.609+01:00  INFO 53038 --- [scheduling-1] d.t.m.logging.AspectLogging              : Method TaskRepo de.telran.my_secured_shop.services.jpa.TaskService.getRepository() was invoked with parameter [].
2023-11-16T12:12:43.609+01:00  INFO 53038 --- [scheduling-1] d.t.m.logging.AspectLogging              : Method TaskRepo de.telran.my_secured_shop.services.jpa.TaskService.getRepository() of class de.telran.my_secured_shop.services.jpa.TaskService successfully  returned a value.
2023-11-16T12:12:43.609+01:00  INFO 53038 --- [scheduling-1] d.t.m.logging.AspectLogging              : Method TaskRepo de.telran.my_secured_shop.services.jpa.TaskService.getRepository() of class de.telran.my_secured_shop.services.jpa.TaskService has finished its job.
2023-11-16T12:12:43.619+01:00  INFO 53038 --- [scheduling-1] d.t.m.logging.AspectLogging              : Method TaskRepo de.telran.my_secured_shop.services.jpa.TaskService.getRepository() was invoked with parameter [].
2023-11-16T12:12:43.619+01:00  INFO 53038 --- [scheduling-1] d.t.m.logging.AspectLogging              : Method TaskRepo de.telran.my_secured_shop.services.jpa.TaskService.getRepository() of class de.telran.my_secured_shop.services.jpa.TaskService successfully  returned a value.
2023-11-16T12:12:43.619+01:00  INFO 53038 --- [scheduling-1] d.t.m.logging.AspectLogging              : Method TaskRepo de.telran.my_secured_shop.services.jpa.TaskService.getRepository() of class de.telran.my_secured_shop.services.jpa.TaskService has finished its job.
2023-11-16T12:12:43.627+01:00  INFO 53038 --- [scheduling-1] d.t.m.logging.AspectLogging              : Method TaskRepo de.telran.my_secured_shop.services.jpa.TaskService.getRepository() was invoked with parameter [].
2023-11-16T12:12:43.628+01:00  INFO 53038 --- [scheduling-1] d.t.m.logging.AspectLogging              : Method TaskRepo de.telran.my_secured_shop.services.jpa.TaskService.getRepository() of class de.telran.my_secured_shop.services.jpa.TaskService successfully  returned a value.
2023-11-16T12:12:43.628+01:00  INFO 53038 --- [scheduling-1] d.t.m.logging.AspectLogging              : Method TaskRepo de.telran.my_secured_shop.services.jpa.TaskService.getRepository() of class de.telran.my_secured_shop.services.jpa.TaskService has finished its job.
2023-11-16T12:12:43.638+01:00  INFO 53038 --- [scheduling-1] d.t.m.schedule.ScheduleExecutor          : List of products was called
2023-11-16T12:12:43.638+01:00  INFO 53038 --- [scheduling-1] d.t.m.schedule.ScheduleExecutor          : Attempt to delete product with id8
2023-11-16T12:12:43.638+01:00  INFO 53038 --- [scheduling-1] d.t.m.schedule.ScheduleExecutor          : List of products was called
2023-11-16T12:12:43.638+01:00  INFO 53038 --- [scheduling-1] d.t.m.schedule.ScheduleExecutor          : List of products was called
2023-11-16T12:12:43.638+01:00  INFO 53038 --- [scheduling-1] d.t.m.schedule.ScheduleExecutor          : List of products was called
2023-11-16T12:12:45.000+01:00  INFO 53038 --- [scheduling-1] d.t.m.schedule.ScheduleExecutor          : Product banana was added.
2023-11-16T12:12:55.652+01:00  INFO 53038 --- [http-nio-8080-exec-4] d.t.m.logging.AspectLogging              : Method void de.telran.my_secured_shop.services.jpa.JpaProductService.add(Product) was invoked with parameters [de.telran.my_secured_shop.domain.entity.common.CommonProduct@2d8c584e]
2023-11-16T12:12:55.653+01:00  INFO 53038 --- [http-nio-8080-exec-4] d.t.m.logging.AspectLogging              : Method void de.telran.my_secured_shop.services.jpa.JpaProductService.add(Product) was invoked with parameter [de.telran.my_secured_shop.domain.entity.common.CommonProduct@2d8c584e].
2023-11-16T12:12:55.662+01:00  INFO 53038 --- [http-nio-8080-exec-4] d.t.m.logging.AspectLogging              : Method Task de.telran.my_secured_shop.services.jpa.TaskService.createTask(String) was invoked with parameter [Product ananas was added.].
2023-11-16T12:12:55.674+01:00  INFO 53038 --- [http-nio-8080-exec-4] d.t.m.logging.AspectLogging              : Method Task de.telran.my_secured_shop.services.jpa.TaskService.createTask(String) of class de.telran.my_secured_shop.services.jpa.TaskService successfully  returned a value.
2023-11-16T12:12:55.674+01:00  INFO 53038 --- [http-nio-8080-exec-4] d.t.m.logging.AspectLogging              : Method Task de.telran.my_secured_shop.services.jpa.TaskService.createTask(String) of class de.telran.my_secured_shop.services.jpa.TaskService has finished its job.
2023-11-16T12:12:55.674+01:00  INFO 53038 --- [http-nio-8080-exec-4] d.t.m.logging.AspectLogging              : Method void de.telran.my_secured_shop.services.jpa.JpaProductService.add(Product) of class de.telran.my_secured_shop.services.jpa.JpaProductService successfully  returned a value.
2023-11-16T12:12:55.674+01:00  INFO 53038 --- [http-nio-8080-exec-4] d.t.m.logging.AspectLogging              : Method void de.telran.my_secured_shop.services.jpa.JpaProductService.add(Product) of class de.telran.my_secured_shop.services.jpa.JpaProductService has finished its job.
2023-11-16T12:12:55.674+01:00  INFO 53038 --- [http-nio-8080-exec-4] d.t.m.logging.AspectLogging              : Method void de.telran.my_secured_shop.services.jpa.JpaProductService.add(Product) has finished
2023-11-16T12:13:13.609+01:00  INFO 53038 --- [scheduling-1] d.t.m.logging.AspectLogging              : Method TaskRepo de.telran.my_secured_shop.services.jpa.TaskService.getRepository() was invoked with parameter [].
2023-11-16T12:13:13.609+01:00  INFO 53038 --- [scheduling-1] d.t.m.logging.AspectLogging              : Method TaskRepo de.telran.my_secured_shop.services.jpa.TaskService.getRepository() of class de.telran.my_secured_shop.services.jpa.TaskService successfully  returned a value.
2023-11-16T12:13:13.610+01:00  INFO 53038 --- [scheduling-1] d.t.m.logging.AspectLogging              : Method TaskRepo de.telran.my_secured_shop.services.jpa.TaskService.getRepository() of class de.telran.my_secured_shop.services.jpa.TaskService has finished its job.
2023-11-16T12:13:13.616+01:00  INFO 53038 --- [scheduling-1] d.t.m.logging.AspectLogging              : Method TaskRepo de.telran.my_secured_shop.services.jpa.TaskService.getRepository() was invoked with parameter [].
2023-11-16T12:13:13.616+01:00  INFO 53038 --- [scheduling-1] d.t.m.logging.AspectLogging              : Method TaskRepo de.telran.my_secured_shop.services.jpa.TaskService.getRepository() of class de.telran.my_secured_shop.services.jpa.TaskService successfully  returned a value.
2023-11-16T12:13:13.616+01:00  INFO 53038 --- [scheduling-1] d.t.m.logging.AspectLogging              : Method TaskRepo de.telran.my_secured_shop.services.jpa.TaskService.getRepository() of class de.telran.my_secured_shop.services.jpa.TaskService has finished its job.
2023-11-16T12:13:13.622+01:00  INFO 53038 --- [scheduling-1] d.t.m.logging.AspectLogging              : Method TaskRepo de.telran.my_secured_shop.services.jpa.TaskService.getRepository() was invoked with parameter [].
2023-11-16T12:13:13.622+01:00  INFO 53038 --- [scheduling-1] d.t.m.logging.AspectLogging              : Method TaskRepo de.telran.my_secured_shop.services.jpa.TaskService.getRepository() of class de.telran.my_secured_shop.services.jpa.TaskService successfully  returned a value.
2023-11-16T12:13:13.622+01:00  INFO 53038 --- [scheduling-1] d.t.m.logging.AspectLogging              : Method TaskRepo de.telran.my_secured_shop.services.jpa.TaskService.getRepository() of class de.telran.my_secured_shop.services.jpa.TaskService has finished its job.
2023-11-16T12:13:13.627+01:00  INFO 53038 --- [scheduling-1] d.t.m.schedule.ScheduleExecutor          : Attempt to delete product with id8
2023-11-16T12:13:13.628+01:00  INFO 53038 --- [scheduling-1] d.t.m.schedule.ScheduleExecutor          : List of products was called
2023-11-16T12:13:13.628+01:00  INFO 53038 --- [scheduling-1] d.t.m.schedule.ScheduleExecutor          : List of products was called
2023-11-16T12:13:13.628+01:00  INFO 53038 --- [scheduling-1] d.t.m.schedule.ScheduleExecutor          : List of products was called
2023-11-16T12:13:13.628+01:00  INFO 53038 --- [scheduling-1] d.t.m.schedule.ScheduleExecutor          : Product banana was added.
2023-11-16T12:13:15.000+01:00  INFO 53038 --- [scheduling-1] d.t.m.schedule.ScheduleExecutor          : Product ananas was added.
2023-11-16T12:13:43.609+01:00  INFO 53038 --- [scheduling-1] d.t.m.logging.AspectLogging              : Method TaskRepo de.telran.my_secured_shop.services.jpa.TaskService.getRepository() was invoked with parameter [].
2023-11-16T12:13:43.610+01:00  INFO 53038 --- [scheduling-1] d.t.m.logging.AspectLogging              : Method TaskRepo de.telran.my_secured_shop.services.jpa.TaskService.getRepository() of class de.telran.my_secured_shop.services.jpa.TaskService successfully  returned a value.
2023-11-16T12:13:43.610+01:00  INFO 53038 --- [scheduling-1] d.t.m.logging.AspectLogging              : Method TaskRepo de.telran.my_secured_shop.services.jpa.TaskService.getRepository() of class de.telran.my_secured_shop.services.jpa.TaskService has finished its job.
2023-11-16T12:13:43.625+01:00  INFO 53038 --- [scheduling-1] d.t.m.logging.AspectLogging              : Method TaskRepo de.telran.my_secured_shop.services.jpa.TaskService.getRepository() was invoked with parameter [].
2023-11-16T12:13:43.625+01:00  INFO 53038 --- [scheduling-1] d.t.m.logging.AspectLogging              : Method TaskRepo de.telran.my_secured_shop.services.jpa.TaskService.getRepository() of class de.telran.my_secured_shop.services.jpa.TaskService successfully  returned a value.
2023-11-16T12:13:43.626+01:00  INFO 53038 --- [scheduling-1] d.t.m.logging.AspectLogging              : Method TaskRepo de.telran.my_secured_shop.services.jpa.TaskService.getRepository() of class de.telran.my_secured_shop.services.jpa.TaskService has finished its job.
2023-11-16T12:13:43.634+01:00  INFO 53038 --- [scheduling-1] d.t.m.logging.AspectLogging              : Method TaskRepo de.telran.my_secured_shop.services.jpa.TaskService.getRepository() was invoked with parameter [].
2023-11-16T12:13:43.634+01:00  INFO 53038 --- [scheduling-1] d.t.m.logging.AspectLogging              : Method TaskRepo de.telran.my_secured_shop.services.jpa.TaskService.getRepository() of class de.telran.my_secured_shop.services.jpa.TaskService successfully  returned a value.
2023-11-16T12:13:43.634+01:00  INFO 53038 --- [scheduling-1] d.t.m.logging.AspectLogging              : Method TaskRepo de.telran.my_secured_shop.services.jpa.TaskService.getRepository() of class de.telran.my_secured_shop.services.jpa.TaskService has finished its job.
2023-11-16T12:13:43.640+01:00  INFO 53038 --- [scheduling-1] d.t.m.schedule.ScheduleExecutor          : Attempt to delete product with id8
2023-11-16T12:13:43.640+01:00  INFO 53038 --- [scheduling-1] d.t.m.schedule.ScheduleExecutor          : List of products was called
2023-11-16T12:13:43.640+01:00  INFO 53038 --- [scheduling-1] d.t.m.schedule.ScheduleExecutor          : List of products was called
2023-11-16T12:13:43.640+01:00  INFO 53038 --- [scheduling-1] d.t.m.schedule.ScheduleExecutor          : List of products was called
2023-11-16T12:13:43.640+01:00  INFO 53038 --- [scheduling-1] d.t.m.schedule.ScheduleExecutor          : Product banana was added.
2023-11-16T12:13:45.000+01:00  INFO 53038 --- [scheduling-1] d.t.m.schedule.ScheduleExecutor          : Product ananas was added.
2023-11-16T12:14:13.609+01:00  INFO 53038 --- [scheduling-1] d.t.m.logging.AspectLogging              : Method TaskRepo de.telran.my_secured_shop.services.jpa.TaskService.getRepository() was invoked with parameter [].
2023-11-16T12:14:13.609+01:00  INFO 53038 --- [scheduling-1] d.t.m.logging.AspectLogging              : Method TaskRepo de.telran.my_secured_shop.services.jpa.TaskService.getRepository() of class de.telran.my_secured_shop.services.jpa.TaskService successfully  returned a value.
2023-11-16T12:14:13.609+01:00  INFO 53038 --- [scheduling-1] d.t.m.logging.AspectLogging              : Method TaskRepo de.telran.my_secured_shop.services.jpa.TaskService.getRepository() of class de.telran.my_secured_shop.services.jpa.TaskService has finished its job.
2023-11-16T12:14:13.615+01:00  INFO 53038 --- [scheduling-1] d.t.m.logging.AspectLogging              : Method TaskRepo de.telran.my_secured_shop.services.jpa.TaskService.getRepository() was invoked with parameter [].
2023-11-16T12:14:13.615+01:00  INFO 53038 --- [scheduling-1] d.t.m.logging.AspectLogging              : Method TaskRepo de.telran.my_secured_shop.services.jpa.TaskService.getRepository() of class de.telran.my_secured_shop.services.jpa.TaskService successfully  returned a value.
2023-11-16T12:14:13.615+01:00  INFO 53038 --- [scheduling-1] d.t.m.logging.AspectLogging              : Method TaskRepo de.telran.my_secured_shop.services.jpa.TaskService.getRepository() of class de.telran.my_secured_shop.services.jpa.TaskService has finished its job.
2023-11-16T12:14:13.620+01:00  INFO 53038 --- [scheduling-1] d.t.m.logging.AspectLogging              : Method TaskRepo de.telran.my_secured_shop.services.jpa.TaskService.getRepository() was invoked with parameter [].
2023-11-16T12:14:13.620+01:00  INFO 53038 --- [scheduling-1] d.t.m.logging.AspectLogging              : Method TaskRepo de.telran.my_secured_shop.services.jpa.TaskService.getRepository() of class de.telran.my_secured_shop.services.jpa.TaskService successfully  returned a value.
2023-11-16T12:14:13.620+01:00  INFO 53038 --- [scheduling-1] d.t.m.logging.AspectLogging              : Method TaskRepo de.telran.my_secured_shop.services.jpa.TaskService.getRepository() of class de.telran.my_secured_shop.services.jpa.TaskService has finished its job.
2023-11-16T12:14:13.624+01:00  INFO 53038 --- [scheduling-1] d.t.m.schedule.ScheduleExecutor          : Attempt to delete product with id8
2023-11-16T12:14:13.625+01:00  INFO 53038 --- [scheduling-1] d.t.m.schedule.ScheduleExecutor          : List of products was called
2023-11-16T12:14:13.625+01:00  INFO 53038 --- [scheduling-1] d.t.m.schedule.ScheduleExecutor          : List of products was called
2023-11-16T12:14:13.625+01:00  INFO 53038 --- [scheduling-1] d.t.m.schedule.ScheduleExecutor          : List of products was called
2023-11-16T12:14:13.625+01:00  INFO 53038 --- [scheduling-1] d.t.m.schedule.ScheduleExecutor          : Product banana was added.
2023-11-16T12:14:15.000+01:00  INFO 53038 --- [scheduling-1] d.t.m.schedule.ScheduleExecutor          : Product ananas was added.
2023-11-16T12:14:43.609+01:00  INFO 53038 --- [scheduling-1] d.t.m.logging.AspectLogging              : Method TaskRepo de.telran.my_secured_shop.services.jpa.TaskService.getRepository() was invoked with parameter [].
2023-11-16T12:14:43.609+01:00  INFO 53038 --- [scheduling-1] d.t.m.logging.AspectLogging              : Method TaskRepo de.telran.my_secured_shop.services.jpa.TaskService.getRepository() of class de.telran.my_secured_shop.services.jpa.TaskService successfully  returned a value.
2023-11-16T12:14:43.609+01:00  INFO 53038 --- [scheduling-1] d.t.m.logging.AspectLogging              : Method TaskRepo de.telran.my_secured_shop.services.jpa.TaskService.getRepository() of class de.telran.my_secured_shop.services.jpa.TaskService has finished its job.
2023-11-16T12:14:43.615+01:00  INFO 53038 --- [scheduling-1] d.t.m.logging.AspectLogging              : Method TaskRepo de.telran.my_secured_shop.services.jpa.TaskService.getRepository() was invoked with parameter [].
2023-11-16T12:14:43.616+01:00  INFO 53038 --- [scheduling-1] d.t.m.logging.AspectLogging              : Method TaskRepo de.telran.my_secured_shop.services.jpa.TaskService.getRepository() of class de.telran.my_secured_shop.services.jpa.TaskService successfully  returned a value.
2023-11-16T12:14:43.616+01:00  INFO 53038 --- [scheduling-1] d.t.m.logging.AspectLogging              : Method TaskRepo de.telran.my_secured_shop.services.jpa.TaskService.getRepository() of class de.telran.my_secured_shop.services.jpa.TaskService has finished its job.
2023-11-16T12:14:43.622+01:00  INFO 53038 --- [scheduling-1] d.t.m.logging.AspectLogging              : Method TaskRepo de.telran.my_secured_shop.services.jpa.TaskService.getRepository() was invoked with parameter [].
2023-11-16T12:14:43.622+01:00  INFO 53038 --- [scheduling-1] d.t.m.logging.AspectLogging              : Method TaskRepo de.telran.my_secured_shop.services.jpa.TaskService.getRepository() of class de.telran.my_secured_shop.services.jpa.TaskService successfully  returned a value.
2023-11-16T12:14:43.622+01:00  INFO 53038 --- [scheduling-1] d.t.m.logging.AspectLogging              : Method TaskRepo de.telran.my_secured_shop.services.jpa.TaskService.getRepository() of class de.telran.my_secured_shop.services.jpa.TaskService has finished its job.
2023-11-16T12:14:43.629+01:00  INFO 53038 --- [scheduling-1] d.t.m.schedule.ScheduleExecutor          : Attempt to delete product with id8
2023-11-16T12:14:43.629+01:00  INFO 53038 --- [scheduling-1] d.t.m.schedule.ScheduleExecutor          : List of products was called
2023-11-16T12:14:43.629+01:00  INFO 53038 --- [scheduling-1] d.t.m.schedule.ScheduleExecutor          : List of products was called
2023-11-16T12:14:43.629+01:00  INFO 53038 --- [scheduling-1] d.t.m.schedule.ScheduleExecutor          : List of products was called
2023-11-16T12:14:43.629+01:00  INFO 53038 --- [scheduling-1] d.t.m.schedule.ScheduleExecutor          : Product banana was added.
2023-11-16T12:14:45.000+01:00  INFO 53038 --- [scheduling-1] d.t.m.schedule.ScheduleExecutor          : Product ananas was added.
2023-11-16T12:15:03.733+01:00  INFO 53038 --- [SpringApplicationShutdownHook] j.LocalContainerEntityManagerFactoryBean : Closing JPA EntityManagerFactory for persistence unit 'default'
2023-11-16T12:15:03.734+01:00  INFO 53038 --- [SpringApplicationShutdownHook] com.zaxxer.hikari.HikariDataSource       : HikariPool-1 - Shutdown initiated...
2023-11-16T12:15:03.742+01:00  INFO 53038 --- [SpringApplicationShutdownHook] com.zaxxer.hikari.HikariDataSource       : HikariPool-1 - Shutdown completed.
2023-11-16T12:19:10.197+01:00  INFO 55337 --- [main] d.t.m.MySpringShopApplication            : Starting MySpringShopApplication using Java 17.0.8.1 with PID 55337 (/home/etxo/TelRan/my_spring_shop/target/classes started by etxo in /home/etxo/TelRan/my_spring_shop)
2023-11-16T12:19:10.201+01:00  INFO 55337 --- [main] d.t.m.MySpringShopApplication            : No active profile set, falling back to 1 default profile: "default"
2023-11-16T12:19:10.910+01:00  INFO 55337 --- [main] .s.d.r.c.RepositoryConfigurationDelegate : Bootstrapping Spring Data JPA repositories in DEFAULT mode.
2023-11-16T12:19:10.990+01:00  INFO 55337 --- [main] .s.d.r.c.RepositoryConfigurationDelegate : Finished Spring Data repository scanning in 70 ms. Found 4 JPA repository interfaces.
2023-11-16T12:19:11.849+01:00  INFO 55337 --- [main] o.s.b.w.embedded.tomcat.TomcatWebServer  : Tomcat initialized with port(s): 8080 (http)
2023-11-16T12:19:11.858+01:00  INFO 55337 --- [main] o.apache.catalina.core.StandardService   : Starting service [Tomcat]
2023-11-16T12:19:11.859+01:00  INFO 55337 --- [main] o.apache.catalina.core.StandardEngine    : Starting Servlet engine: [Apache Tomcat/10.1.15]
2023-11-16T12:19:11.937+01:00  INFO 55337 --- [main] o.a.c.c.C.[Tomcat].[localhost].[/]       : Initializing Spring embedded WebApplicationContext
2023-11-16T12:19:11.938+01:00  INFO 55337 --- [main] w.s.c.ServletWebServerApplicationContext : Root WebApplicationContext: initialization completed in 1663 ms
2023-11-16T12:19:12.189+01:00  INFO 55337 --- [main] o.hibernate.jpa.internal.util.LogHelper  : HHH000204: Processing PersistenceUnitInfo [name: default]
2023-11-16T12:19:12.240+01:00  INFO 55337 --- [main] org.hibernate.Version                    : HHH000412: Hibernate ORM core version 6.2.13.Final
2023-11-16T12:19:12.242+01:00  INFO 55337 --- [main] org.hibernate.cfg.Environment            : HHH000406: Using bytecode reflection optimizer
2023-11-16T12:19:12.509+01:00  INFO 55337 --- [main] o.s.o.j.p.SpringPersistenceUnitInfo      : No LoadTimeWeaver setup: ignoring JPA class transformer
2023-11-16T12:19:12.539+01:00  INFO 55337 --- [main] com.zaxxer.hikari.HikariDataSource       : HikariPool-1 - Starting...
2023-11-16T12:19:12.855+01:00  INFO 55337 --- [main] com.zaxxer.hikari.pool.HikariPool        : HikariPool-1 - Added connection com.mysql.cj.jdbc.ConnectionImpl@6ce2e079
2023-11-16T12:19:12.857+01:00  INFO 55337 --- [main] com.zaxxer.hikari.HikariDataSource       : HikariPool-1 - Start completed.
2023-11-16T12:19:13.968+01:00  INFO 55337 --- [main] o.h.e.t.j.p.i.JtaPlatformInitiator       : HHH000489: No JTA platform available (set 'hibernate.transaction.jta.platform' to enable JTA platform integration)
2023-11-16T12:19:13.971+01:00  INFO 55337 --- [main] j.LocalContainerEntityManagerFactoryBean : Initialized JPA EntityManagerFactory for persistence unit 'default'
2023-11-16T12:19:14.894+01:00  INFO 55337 --- [main] o.s.d.j.r.query.QueryEnhancerFactory     : Hibernate is in classpath; If applicable, HQL parser will be used.
2023-11-16T12:19:15.362+01:00  WARN 55337 --- [main] JpaBaseConfiguration$JpaWebConfiguration : spring.jpa.open-in-view is enabled by default. Therefore, database queries may be performed during view rendering. Explicitly configure spring.jpa.open-in-view to disable this warning
2023-11-16T12:19:16.428+01:00  INFO 55337 --- [main] o.s.b.w.embedded.tomcat.TomcatWebServer  : Tomcat started on port(s): 8080 (http) with context path ''
2023-11-16T12:19:16.440+01:00  INFO 55337 --- [main] d.t.m.MySpringShopApplication            : Started MySpringShopApplication in 6.814 seconds (process running for 7.451)
2023-11-16T12:19:35.855+01:00  INFO 55337 --- [http-nio-8080-exec-1] o.a.c.c.C.[Tomcat].[localhost].[/]       : Initializing Spring DispatcherServlet 'dispatcherServlet'
2023-11-16T12:19:35.856+01:00  INFO 55337 --- [http-nio-8080-exec-1] o.s.web.servlet.DispatcherServlet        : Initializing Servlet 'dispatcherServlet'
2023-11-16T12:19:35.858+01:00  INFO 55337 --- [http-nio-8080-exec-1] o.s.web.servlet.DispatcherServlet        : Completed initialization in 2 ms
2023-11-16T12:19:35.990+01:00  INFO 55337 --- [http-nio-8080-exec-1] d.t.m.logging.AspectLogging              : Method void de.telran.my_secured_shop.services.jpa.JpaProductService.add(Product) was invoked with parameters [de.telran.my_secured_shop.domain.entity.common.CommonProduct@72e1d8b0]
2023-11-16T12:19:35.990+01:00  INFO 55337 --- [http-nio-8080-exec-1] d.t.m.logging.AspectLogging              : Method void de.telran.my_secured_shop.services.jpa.JpaProductService.add(Product) was invoked with parameter [de.telran.my_secured_shop.domain.entity.common.CommonProduct@72e1d8b0].
2023-11-16T12:19:36.082+01:00  INFO 55337 --- [http-nio-8080-exec-1] d.t.m.logging.AspectLogging              : Method Task de.telran.my_secured_shop.services.jpa.TaskService.createTask(String) was invoked with parameter [Product ananas was added.].
2023-11-16T12:19:36.097+01:00  INFO 55337 --- [http-nio-8080-exec-1] d.t.m.logging.AspectLogging              : Method Task de.telran.my_secured_shop.services.jpa.TaskService.createTask(String) of class de.telran.my_secured_shop.services.jpa.TaskService successfully  returned a value.
2023-11-16T12:19:36.098+01:00  INFO 55337 --- [http-nio-8080-exec-1] d.t.m.logging.AspectLogging              : Method Task de.telran.my_secured_shop.services.jpa.TaskService.createTask(String) of class de.telran.my_secured_shop.services.jpa.TaskService has finished its job.
2023-11-16T12:19:36.098+01:00  INFO 55337 --- [http-nio-8080-exec-1] d.t.m.logging.AspectLogging              : Method void de.telran.my_secured_shop.services.jpa.JpaProductService.add(Product) of class de.telran.my_secured_shop.services.jpa.JpaProductService successfully  returned a value.
2023-11-16T12:19:36.098+01:00  INFO 55337 --- [http-nio-8080-exec-1] d.t.m.logging.AspectLogging              : Method void de.telran.my_secured_shop.services.jpa.JpaProductService.add(Product) of class de.telran.my_secured_shop.services.jpa.JpaProductService has finished its job.
2023-11-16T12:19:36.098+01:00  INFO 55337 --- [http-nio-8080-exec-1] d.t.m.logging.AspectLogging              : Method void de.telran.my_secured_shop.services.jpa.JpaProductService.add(Product) has finished
2023-11-16T12:19:45.000+01:00  INFO 55337 --- [scheduling-1] d.t.m.schedule.ScheduleExecutor          : Product ananas was added.
2023-11-16T12:20:15.000+01:00  INFO 55337 --- [scheduling-1] d.t.m.schedule.ScheduleExecutor          : Product ananas was added.
2023-11-16T12:20:42.573+01:00  INFO 55337 --- [http-nio-8080-exec-2] d.t.m.logging.AspectLogging              : Method void de.telran.my_secured_shop.services.jpa.JpaProductService.add(Product) was invoked with parameters [de.telran.my_secured_shop.domain.entity.common.CommonProduct@729bd19f]
2023-11-16T12:20:42.574+01:00  INFO 55337 --- [http-nio-8080-exec-2] d.t.m.logging.AspectLogging              : Method void de.telran.my_secured_shop.services.jpa.JpaProductService.add(Product) was invoked with parameter [de.telran.my_secured_shop.domain.entity.common.CommonProduct@729bd19f].
2023-11-16T12:20:42.584+01:00  INFO 55337 --- [http-nio-8080-exec-2] d.t.m.logging.AspectLogging              : Method Task de.telran.my_secured_shop.services.jpa.TaskService.createTask(String) was invoked with parameter [Product boots was added.].
2023-11-16T12:20:42.596+01:00  INFO 55337 --- [http-nio-8080-exec-2] d.t.m.logging.AspectLogging              : Method Task de.telran.my_secured_shop.services.jpa.TaskService.createTask(String) of class de.telran.my_secured_shop.services.jpa.TaskService successfully  returned a value.
2023-11-16T12:20:42.596+01:00  INFO 55337 --- [http-nio-8080-exec-2] d.t.m.logging.AspectLogging              : Method Task de.telran.my_secured_shop.services.jpa.TaskService.createTask(String) of class de.telran.my_secured_shop.services.jpa.TaskService has finished its job.
2023-11-16T12:20:42.596+01:00  INFO 55337 --- [http-nio-8080-exec-2] d.t.m.logging.AspectLogging              : Method void de.telran.my_secured_shop.services.jpa.JpaProductService.add(Product) of class de.telran.my_secured_shop.services.jpa.JpaProductService successfully  returned a value.
2023-11-16T12:20:42.596+01:00  INFO 55337 --- [http-nio-8080-exec-2] d.t.m.logging.AspectLogging              : Method void de.telran.my_secured_shop.services.jpa.JpaProductService.add(Product) of class de.telran.my_secured_shop.services.jpa.JpaProductService has finished its job.
2023-11-16T12:20:42.596+01:00  INFO 55337 --- [http-nio-8080-exec-2] d.t.m.logging.AspectLogging              : Method void de.telran.my_secured_shop.services.jpa.JpaProductService.add(Product) has finished
2023-11-16T12:20:45.000+01:00  INFO 55337 --- [scheduling-1] d.t.m.schedule.ScheduleExecutor          : Product boots was added.
2023-11-16T12:21:15.000+01:00  INFO 55337 --- [scheduling-1] d.t.m.schedule.ScheduleExecutor          : Product boots was added.
2023-11-16T12:21:23.042+01:00  INFO 55337 --- [SpringApplicationShutdownHook] j.LocalContainerEntityManagerFactoryBean : Closing JPA EntityManagerFactory for persistence unit 'default'
2023-11-16T12:21:23.045+01:00  INFO 55337 --- [SpringApplicationShutdownHook] com.zaxxer.hikari.HikariDataSource       : HikariPool-1 - Shutdown initiated...
2023-11-16T12:21:23.052+01:00  INFO 55337 --- [SpringApplicationShutdownHook] com.zaxxer.hikari.HikariDataSource       : HikariPool-1 - Shutdown completed.
